<?xml version="1.0" encoding="UTF-8"?>
<coverage generated="1563430294394" clover="3.2.0">
  <project timestamp="1563430294394" name="All files">
    <metrics statements="34" coveredstatements="10" conditionals="0" coveredconditionals="0" methods="7" coveredmethods="1" elements="41" coveredelements="11" complexity="0" loc="34" ncloc="34" packages="1" files="2" classes="2"/>
    <file name="model.js" path="C:\Users\mdivvela\demo\model.js">
      <metrics statements="5" coveredstatements="5" conditionals="0" coveredconditionals="0" methods="0" coveredmethods="0"/>
      <line num="1" count="2" type="stmt"/>
      <line num="2" count="2" type="stmt"/>
      <line num="3" count="2" type="stmt"/>
      <line num="10" count="2" type="stmt"/>
      <line num="12" count="2" type="stmt"/>
    </file>
    <file name="resolvers.js" path="C:\Users\mdivvela\demo\resolvers.js">
      <metrics statements="29" coveredstatements="5" conditionals="0" coveredconditionals="0" methods="7" coveredmethods="1"/>
      <line num="1" count="1" type="stmt"/>
      <line num="3" count="1" type="stmt"/>
      <line num="4" count="1" type="stmt"/>
      <line num="6" count="0" type="stmt"/>
      <line num="7" count="0" type="stmt"/>
      <line num="8" count="0" type="stmt"/>
      <line num="11" count="0" type="stmt"/>
      <line num="16" count="1" type="stmt"/>
      <line num="18" count="0" type="stmt"/>
      <line num="19" count="0" type="stmt"/>
      <line num="20" count="0" type="stmt"/>
      <line num="23" count="0" type="stmt"/>
      <line num="27" count="0" type="stmt"/>
      <line num="29" count="0" type="stmt"/>
      <line num="31" count="0" type="stmt"/>
      <line num="34" count="0" type="stmt"/>
      <line num="38" count="0" type="stmt"/>
      <line num="39" count="0" type="stmt"/>
      <line num="40" count="0" type="stmt"/>
      <line num="43" count="0" type="stmt"/>
      <line num="47" count="0" type="stmt"/>
      <line num="48" count="0" type="stmt"/>
      <line num="49" count="0" type="stmt"/>
      <line num="52" count="0" type="stmt"/>
      <line num="57" count="0" type="stmt"/>
      <line num="58" count="0" type="stmt"/>
      <line num="67" count="0" type="stmt"/>
      <line num="70" count="0" type="stmt"/>
      <line num="75" count="1" type="stmt"/>
    </file>
  </project>
</coverage>
