{"C:\\Users\\mdivvela\\demo\\model.js": {"path":"C:\\Users\\mdivvela\\demo\\model.js","statementMap":{"0":{"start":{"line":1,"column":17},"end":{"line":1,"column":36}},"1":{"start":{"line":2,"column":19},"end":{"line":2,"column":27}},"2":{"start":{"line":3,"column":19},"end":{"line":8,"column":1}},"3":{"start":{"line":10,"column":13},"end":{"line":10,"column":47}},"4":{"start":{"line":12,"column":0},"end":{"line":15,"column":5}}},"fnMap":{},"branchMap":{},"s":{"0":2,"1":2,"2":2,"3":2,"4":2},"f":{},"b":{},"_coverageSchema":"43e27e138ebf9cfc5966b082cf9a028302ed4184","hash":"1da9a2802f9309b9c0994091f068359e9823459a"}
,"C:\\Users\\mdivvela\\demo\\resolvers.js": {"path":"C:\\Users\\mdivvela\\demo\\resolvers.js","statementMap":{"0":{"start":{"line":1,"column":17},"end":{"line":1,"column":35}},"1":{"start":{"line":3,"column":14},"end":{"line":14,"column":1}},"2":{"start":{"line":4,"column":22},"end":{"line":4,"column":42}},"3":{"start":{"line":6,"column":8},"end":{"line":12,"column":9}},"4":{"start":{"line":7,"column":28},"end":{"line":7,"column":50}},"5":{"start":{"line":8,"column":12},"end":{"line":8,"column":28}},"6":{"start":{"line":11,"column":12},"end":{"line":11,"column":29}},"7":{"start":{"line":16,"column":4},"end":{"line":73,"column":5}},"8":{"start":{"line":18,"column":12},"end":{"line":24,"column":13}},"9":{"start":{"line":19,"column":31},"end":{"line":19,"column":54}},"10":{"start":{"line":20,"column":16},"end":{"line":20,"column":32}},"11":{"start":{"line":23,"column":16},"end":{"line":23,"column":33}},"12":{"start":{"line":27,"column":12},"end":{"line":35,"column":13}},"13":{"start":{"line":29,"column":31},"end":{"line":29,"column":68}},"14":{"start":{"line":31,"column":16},"end":{"line":31,"column":32}},"15":{"start":{"line":34,"column":16},"end":{"line":34,"column":33}},"16":{"start":{"line":38,"column":12},"end":{"line":44,"column":13}},"17":{"start":{"line":39,"column":31},"end":{"line":39,"column":57}},"18":{"start":{"line":40,"column":16},"end":{"line":40,"column":32}},"19":{"start":{"line":43,"column":16},"end":{"line":43,"column":33}},"20":{"start":{"line":47,"column":12},"end":{"line":53,"column":13}},"21":{"start":{"line":48,"column":31},"end":{"line":48,"column":57}},"22":{"start":{"line":49,"column":16},"end":{"line":49,"column":32}},"23":{"start":{"line":52,"column":16},"end":{"line":52,"column":33}},"24":{"start":{"line":57,"column":12},"end":{"line":71,"column":13}},"25":{"start":{"line":58,"column":31},"end":{"line":65,"column":21}},"26":{"start":{"line":67,"column":16},"end":{"line":67,"column":32}},"27":{"start":{"line":70,"column":16},"end":{"line":70,"column":33}},"28":{"start":{"line":75,"column":0},"end":{"line":75,"column":36}}},"fnMap":{"0":{"name":"(anonymous_0)","decl":{"start":{"line":4,"column":15},"end":{"line":4,"column":16}},"loc":{"start":{"line":4,"column":22},"end":{"line":4,"column":42}},"line":4},"1":{"name":"(anonymous_1)","decl":{"start":{"line":5,"column":14},"end":{"line":5,"column":15}},"loc":{"start":{"line":5,"column":27},"end":{"line":13,"column":5}},"line":5},"2":{"name":"(anonymous_2)","decl":{"start":{"line":17,"column":17},"end":{"line":17,"column":18}},"loc":{"start":{"line":17,"column":36},"end":{"line":25,"column":9}},"line":17},"3":{"name":"(anonymous_3)","decl":{"start":{"line":26,"column":24},"end":{"line":26,"column":25}},"loc":{"start":{"line":26,"column":43},"end":{"line":36,"column":9}},"line":26},"4":{"name":"(anonymous_4)","decl":{"start":{"line":37,"column":30},"end":{"line":37,"column":31}},"loc":{"start":{"line":37,"column":49},"end":{"line":45,"column":9}},"line":37},"5":{"name":"(anonymous_5)","decl":{"start":{"line":46,"column":27},"end":{"line":46,"column":28}},"loc":{"start":{"line":46,"column":46},"end":{"line":54,"column":9}},"line":46},"6":{"name":"(anonymous_6)","decl":{"start":{"line":55,"column":20},"end":{"line":55,"column":21}},"loc":{"start":{"line":55,"column":39},"end":{"line":72,"column":9}},"line":55}},"branchMap":{},"s":{"0":1,"1":1,"2":1,"3":0,"4":0,"5":0,"6":0,"7":1,"8":0,"9":0,"10":0,"11":0,"12":0,"13":0,"14":0,"15":0,"16":0,"17":0,"18":0,"19":0,"20":0,"21":0,"22":0,"23":0,"24":0,"25":0,"26":0,"27":0,"28":1},"f":{"0":1,"1":0,"2":0,"3":0,"4":0,"5":0,"6":0},"b":{},"_coverageSchema":"43e27e138ebf9cfc5966b082cf9a028302ed4184","hash":"7c760b2bf4d5c16dde189ca3202dea3fc9b14a34"}
}
