{"C:\\Users\\mdivvela\\GenericResolver\\datasource.js": {"path":"C:\\Users\\mdivvela\\GenericResolver\\datasource.js","statementMap":{"0":{"start":{"line":1,"column":27},"end":{"line":1,"column":60}},"1":{"start":{"line":2,"column":14},"end":{"line":2,"column":35}},"2":{"start":{"line":3,"column":16},"end":{"line":3,"column":18}},"3":{"start":{"line":6,"column":8},"end":{"line":6,"column":16}},"4":{"start":{"line":10,"column":8},"end":{"line":10,"column":71}},"5":{"start":{"line":11,"column":8},"end":{"line":18,"column":9}},"6":{"start":{"line":12,"column":25},"end":{"line":12,"column":67}},"7":{"start":{"line":13,"column":12},"end":{"line":13,"column":38}},"8":{"start":{"line":14,"column":12},"end":{"line":14,"column":29}},"9":{"start":{"line":17,"column":12},"end":{"line":17,"column":36}},"10":{"start":{"line":26,"column":8},"end":{"line":26,"column":40}},"11":{"start":{"line":27,"column":8},"end":{"line":42,"column":9}},"12":{"start":{"line":28,"column":12},"end":{"line":28,"column":30}},"13":{"start":{"line":29,"column":12},"end":{"line":29,"column":77}},"14":{"start":{"line":30,"column":12},"end":{"line":30,"column":46}},"15":{"start":{"line":32,"column":13},"end":{"line":42,"column":9}},"16":{"start":{"line":34,"column":12},"end":{"line":34,"column":77}},"17":{"start":{"line":35,"column":12},"end":{"line":35,"column":48}},"18":{"start":{"line":36,"column":12},"end":{"line":36,"column":46}},"19":{"start":{"line":38,"column":13},"end":{"line":42,"column":9}},"20":{"start":{"line":39,"column":12},"end":{"line":39,"column":77}},"21":{"start":{"line":40,"column":12},"end":{"line":40,"column":53}},"22":{"start":{"line":41,"column":12},"end":{"line":41,"column":46}},"23":{"start":{"line":45,"column":8},"end":{"line":47,"column":9}},"24":{"start":{"line":45,"column":21},"end":{"line":45,"column":22}},"25":{"start":{"line":46,"column":12},"end":{"line":46,"column":45}},"26":{"start":{"line":48,"column":23},"end":{"line":51,"column":9}},"27":{"start":{"line":52,"column":8},"end":{"line":52,"column":54}},"28":{"start":{"line":58,"column":8},"end":{"line":77,"column":15}},"29":{"start":{"line":60,"column":16},"end":{"line":60,"column":66}},"30":{"start":{"line":61,"column":16},"end":{"line":72,"column":17}},"31":{"start":{"line":62,"column":20},"end":{"line":66,"column":23}},"32":{"start":{"line":63,"column":37},"end":{"line":63,"column":64}},"33":{"start":{"line":64,"column":24},"end":{"line":64,"column":54}},"34":{"start":{"line":65,"column":24},"end":{"line":65,"column":38}},"35":{"start":{"line":67,"column":23},"end":{"line":72,"column":17}},"36":{"start":{"line":69,"column":20},"end":{"line":69,"column":44}},"37":{"start":{"line":70,"column":23},"end":{"line":72,"column":17}},"38":{"start":{"line":71,"column":20},"end":{"line":71,"column":41}},"39":{"start":{"line":75,"column":16},"end":{"line":75,"column":28}},"40":{"start":{"line":80,"column":0},"end":{"line":80,"column":28}}},"fnMap":{"0":{"name":"(anonymous_0)","decl":{"start":{"line":5,"column":4},"end":{"line":5,"column":5}},"loc":{"start":{"line":5,"column":18},"end":{"line":7,"column":5}},"line":5},"1":{"name":"(anonymous_1)","decl":{"start":{"line":9,"column":4},"end":{"line":9,"column":5}},"loc":{"start":{"line":9,"column":44},"end":{"line":22,"column":5}},"line":9},"2":{"name":"(anonymous_2)","decl":{"start":{"line":23,"column":4},"end":{"line":23,"column":5}},"loc":{"start":{"line":23,"column":52},"end":{"line":55,"column":5}},"line":23},"3":{"name":"(anonymous_3)","decl":{"start":{"line":57,"column":4},"end":{"line":57,"column":5}},"loc":{"start":{"line":57,"column":38},"end":{"line":78,"column":5}},"line":57},"4":{"name":"(anonymous_4)","decl":{"start":{"line":59,"column":18},"end":{"line":59,"column":19}},"loc":{"start":{"line":59,"column":30},"end":{"line":73,"column":13}},"line":59},"5":{"name":"(anonymous_5)","decl":{"start":{"line":62,"column":46},"end":{"line":62,"column":47}},"loc":{"start":{"line":62,"column":56},"end":{"line":66,"column":21}},"line":62},"6":{"name":"(anonymous_6)","decl":{"start":{"line":74,"column":19},"end":{"line":74,"column":20}},"loc":{"start":{"line":74,"column":30},"end":{"line":77,"column":13}},"line":74}},"branchMap":{"0":{"loc":{"start":{"line":27,"column":8},"end":{"line":42,"column":9}},"type":"if","locations":[{"start":{"line":27,"column":8},"end":{"line":42,"column":9}},{"start":{"line":27,"column":8},"end":{"line":42,"column":9}}],"line":27},"1":{"loc":{"start":{"line":32,"column":13},"end":{"line":42,"column":9}},"type":"if","locations":[{"start":{"line":32,"column":13},"end":{"line":42,"column":9}},{"start":{"line":32,"column":13},"end":{"line":42,"column":9}}],"line":32},"2":{"loc":{"start":{"line":38,"column":13},"end":{"line":42,"column":9}},"type":"if","locations":[{"start":{"line":38,"column":13},"end":{"line":42,"column":9}},{"start":{"line":38,"column":13},"end":{"line":42,"column":9}}],"line":38},"3":{"loc":{"start":{"line":45,"column":24},"end":{"line":45,"column":58}},"type":"binary-expr","locations":[{"start":{"line":45,"column":24},"end":{"line":45,"column":41}},{"start":{"line":45,"column":45},"end":{"line":45,"column":58}}],"line":45},"4":{"loc":{"start":{"line":61,"column":16},"end":{"line":72,"column":17}},"type":"if","locations":[{"start":{"line":61,"column":16},"end":{"line":72,"column":17}},{"start":{"line":61,"column":16},"end":{"line":72,"column":17}}],"line":61},"5":{"loc":{"start":{"line":61,"column":20},"end":{"line":61,"column":66}},"type":"binary-expr","locations":[{"start":{"line":61,"column":20},"end":{"line":61,"column":41}},{"start":{"line":61,"column":45},"end":{"line":61,"column":66}}],"line":61},"6":{"loc":{"start":{"line":67,"column":23},"end":{"line":72,"column":17}},"type":"if","locations":[{"start":{"line":67,"column":23},"end":{"line":72,"column":17}},{"start":{"line":67,"column":23},"end":{"line":72,"column":17}}],"line":67},"7":{"loc":{"start":{"line":67,"column":27},"end":{"line":68,"column":66}},"type":"binary-expr","locations":[{"start":{"line":67,"column":27},"end":{"line":67,"column":48}},{"start":{"line":67,"column":52},"end":{"line":67,"column":73}},{"start":{"line":68,"column":20},"end":{"line":68,"column":41}},{"start":{"line":68,"column":45},"end":{"line":68,"column":66}}],"line":67},"8":{"loc":{"start":{"line":70,"column":23},"end":{"line":72,"column":17}},"type":"if","locations":[{"start":{"line":70,"column":23},"end":{"line":72,"column":17}},{"start":{"line":70,"column":23},"end":{"line":72,"column":17}}],"line":70}},"s":{"0":2,"1":2,"2":2,"3":8,"4":4,"5":4,"6":4,"7":1,"8":1,"9":3,"10":4,"11":4,"12":1,"13":1,"14":1,"15":3,"16":2,"17":2,"18":2,"19":1,"20":1,"21":1,"22":1,"23":4,"24":4,"25":11,"26":4,"27":4,"28":4,"29":4,"30":4,"31":2,"32":2,"33":2,"34":2,"35":2,"36":0,"37":2,"38":2,"39":0,"40":2},"f":{"0":8,"1":4,"2":4,"3":4,"4":4,"5":2,"6":0},"b":{"0":[1,3],"1":[2,1],"2":[1,0],"3":[15,11],"4":[2,2],"5":[4,3],"6":[0,2],"7":[2,2,2,2],"8":[2,0]},"_coverageSchema":"43e27e138ebf9cfc5966b082cf9a028302ed4184","hash":"a0d52779d6a78a0c47a7dd3ee608bfc517489773"}
,"C:\\Users\\mdivvela\\GenericResolver\\db.js": {"path":"C:\\Users\\mdivvela\\GenericResolver\\db.js","statementMap":{"0":{"start":{"line":1,"column":20},"end":{"line":1,"column":50}},"1":{"start":{"line":4,"column":14},"end":{"line":6,"column":1}},"2":{"start":{"line":7,"column":0},"end":{"line":18,"column":1}},"3":{"start":{"line":8,"column":4},"end":{"line":8,"column":31}},"4":{"start":{"line":8,"column":18},"end":{"line":8,"column":31}},"5":{"start":{"line":9,"column":4},"end":{"line":17,"column":11}},"6":{"start":{"line":11,"column":12},"end":{"line":15,"column":13}},"7":{"start":{"line":11,"column":23},"end":{"line":11,"column":40}},"8":{"start":{"line":11,"column":41},"end":{"line":11,"column":57}},"9":{"start":{"line":13,"column":16},"end":{"line":13,"column":56}},"10":{"start":{"line":14,"column":16},"end":{"line":14,"column":22}},"11":{"start":{"line":20,"column":0},"end":{"line":22,"column":2}},"12":{"start":{"line":21,"column":4},"end":{"line":21,"column":46}},"13":{"start":{"line":24,"column":0},"end":{"line":24,"column":30}},"14":{"start":{"line":24,"column":22},"end":{"line":24,"column":30}},"15":{"start":{"line":26,"column":0},"end":{"line":34,"column":1}},"16":{"start":{"line":27,"column":4},"end":{"line":33,"column":5}},"17":{"start":{"line":28,"column":8},"end":{"line":32,"column":10}},"18":{"start":{"line":29,"column":12},"end":{"line":29,"column":27}},"19":{"start":{"line":30,"column":12},"end":{"line":30,"column":29}},"20":{"start":{"line":31,"column":12},"end":{"line":31,"column":21}}},"fnMap":{"0":{"name":"(anonymous_0)","decl":{"start":{"line":7,"column":18},"end":{"line":7,"column":19}},"loc":{"start":{"line":7,"column":33},"end":{"line":18,"column":1}},"line":7},"1":{"name":"(anonymous_1)","decl":{"start":{"line":10,"column":8},"end":{"line":10,"column":9}},"loc":{"start":{"line":10,"column":25},"end":{"line":17,"column":9}},"line":10},"2":{"name":"(anonymous_2)","decl":{"start":{"line":20,"column":24},"end":{"line":20,"column":25}},"loc":{"start":{"line":20,"column":44},"end":{"line":22,"column":1}},"line":20},"3":{"name":"(anonymous_3)","decl":{"start":{"line":24,"column":16},"end":{"line":24,"column":17}},"loc":{"start":{"line":24,"column":22},"end":{"line":24,"column":30}},"line":24},"4":{"name":"(anonymous_4)","decl":{"start":{"line":26,"column":16},"end":{"line":26,"column":17}},"loc":{"start":{"line":26,"column":26},"end":{"line":34,"column":1}},"line":26},"5":{"name":"(anonymous_5)","decl":{"start":{"line":28,"column":23},"end":{"line":28,"column":24}},"loc":{"start":{"line":28,"column":40},"end":{"line":32,"column":9}},"line":28}},"branchMap":{"0":{"loc":{"start":{"line":8,"column":4},"end":{"line":8,"column":31}},"type":"if","locations":[{"start":{"line":8,"column":4},"end":{"line":8,"column":31}},{"start":{"line":8,"column":4},"end":{"line":8,"column":31}}],"line":8},"1":{"loc":{"start":{"line":11,"column":12},"end":{"line":15,"column":13}},"type":"if","locations":[{"start":{"line":11,"column":12},"end":{"line":15,"column":13}},{"start":{"line":11,"column":12},"end":{"line":15,"column":13}}],"line":11},"2":{"loc":{"start":{"line":27,"column":4},"end":{"line":33,"column":5}},"type":"if","locations":[{"start":{"line":27,"column":4},"end":{"line":33,"column":5}},{"start":{"line":27,"column":4},"end":{"line":33,"column":5}}],"line":27}},"s":{"0":4,"1":4,"2":4,"3":11,"4":9,"5":2,"6":2,"7":0,"8":0,"9":2,"10":2,"11":4,"12":12,"13":4,"14":0,"15":4,"16":3,"17":2,"18":0,"19":0,"20":0},"f":{"0":11,"1":2,"2":12,"3":0,"4":3,"5":0},"b":{"0":[9,2],"1":[0,2],"2":[2,1]},"_coverageSchema":"43e27e138ebf9cfc5966b082cf9a028302ed4184","hash":"93c1ee2e849f219e10a1912ed6e84d718139f4f6"}
,"C:\\Users\\mdivvela\\GenericResolver\\resolvers.js": {"path":"C:\\Users\\mdivvela\\GenericResolver\\resolvers.js","statementMap":{"0":{"start":{"line":1,"column":9},"end":{"line":1,"column":22}},"1":{"start":{"line":2,"column":19},"end":{"line":2,"column":41}},"2":{"start":{"line":3,"column":16},"end":{"line":3,"column":58}},"3":{"start":{"line":4,"column":19},"end":{"line":4,"column":65}},"4":{"start":{"line":5,"column":20},"end":{"line":5,"column":52}},"5":{"start":{"line":6,"column":23},"end":{"line":6,"column":58}},"6":{"start":{"line":7,"column":11},"end":{"line":7,"column":26}},"7":{"start":{"line":8,"column":16},"end":{"line":8,"column":34}},"8":{"start":{"line":9,"column":12},"end":{"line":9,"column":21}},"9":{"start":{"line":10,"column":15},"end":{"line":10,"column":43}},"10":{"start":{"line":11,"column":13},"end":{"line":11,"column":30}},"11":{"start":{"line":14,"column":16},"end":{"line":14,"column":21}},"12":{"start":{"line":15,"column":19},"end":{"line":15,"column":24}},"13":{"start":{"line":16,"column":15},"end":{"line":16,"column":29}},"14":{"start":{"line":17,"column":12},"end":{"line":17,"column":17}},"15":{"start":{"line":17,"column":28},"end":{"line":17,"column":36}},"16":{"start":{"line":17,"column":47},"end":{"line":17,"column":55}},"17":{"start":{"line":19,"column":0},"end":{"line":231,"column":1}},"18":{"start":{"line":22,"column":19},"end":{"line":22,"column":30}},"19":{"start":{"line":23,"column":21},"end":{"line":23,"column":32}},"20":{"start":{"line":24,"column":8},"end":{"line":24,"column":27}},"21":{"start":{"line":25,"column":8},"end":{"line":25,"column":38}},"22":{"start":{"line":26,"column":8},"end":{"line":26,"column":43}},"23":{"start":{"line":27,"column":8},"end":{"line":27,"column":33}},"24":{"start":{"line":28,"column":18},"end":{"line":28,"column":27}},"25":{"start":{"line":29,"column":8},"end":{"line":33,"column":9}},"26":{"start":{"line":29,"column":21},"end":{"line":29,"column":22}},"27":{"start":{"line":30,"column":24},"end":{"line":30,"column":43}},"28":{"start":{"line":31,"column":12},"end":{"line":31,"column":37}},"29":{"start":{"line":32,"column":12},"end":{"line":32,"column":40}},"30":{"start":{"line":35,"column":8},"end":{"line":35,"column":30}},"31":{"start":{"line":36,"column":8},"end":{"line":36,"column":34}},"32":{"start":{"line":37,"column":8},"end":{"line":39,"column":9}},"33":{"start":{"line":38,"column":12},"end":{"line":38,"column":28}},"34":{"start":{"line":41,"column":8},"end":{"line":43,"column":9}},"35":{"start":{"line":42,"column":12},"end":{"line":42,"column":30}},"36":{"start":{"line":44,"column":8},"end":{"line":44,"column":52}},"37":{"start":{"line":45,"column":23},"end":{"line":45,"column":44}},"38":{"start":{"line":46,"column":8},"end":{"line":49,"column":11}},"39":{"start":{"line":47,"column":12},"end":{"line":47,"column":38}},"40":{"start":{"line":50,"column":8},"end":{"line":66,"column":9}},"41":{"start":{"line":50,"column":21},"end":{"line":50,"column":22}},"42":{"start":{"line":51,"column":12},"end":{"line":65,"column":15}},"43":{"start":{"line":52,"column":16},"end":{"line":63,"column":17}},"44":{"start":{"line":53,"column":20},"end":{"line":53,"column":37}},"45":{"start":{"line":54,"column":20},"end":{"line":54,"column":45}},"46":{"start":{"line":55,"column":20},"end":{"line":55,"column":68}},"47":{"start":{"line":56,"column":20},"end":{"line":56,"column":46}},"48":{"start":{"line":57,"column":20},"end":{"line":62,"column":23}},"49":{"start":{"line":58,"column":24},"end":{"line":58,"column":56}},"50":{"start":{"line":59,"column":24},"end":{"line":59,"column":52}},"51":{"start":{"line":60,"column":24},"end":{"line":60,"column":58}},"52":{"start":{"line":67,"column":8},"end":{"line":67,"column":44}},"53":{"start":{"line":68,"column":8},"end":{"line":227,"column":9}},"54":{"start":{"line":69,"column":12},"end":{"line":69,"column":47}},"55":{"start":{"line":70,"column":12},"end":{"line":70,"column":41}},"56":{"start":{"line":73,"column":12},"end":{"line":73,"column":43}},"57":{"start":{"line":74,"column":12},"end":{"line":74,"column":44}},"58":{"start":{"line":75,"column":12},"end":{"line":75,"column":50}},"59":{"start":{"line":76,"column":12},"end":{"line":76,"column":49}},"60":{"start":{"line":77,"column":12},"end":{"line":77,"column":39}},"61":{"start":{"line":79,"column":12},"end":{"line":79,"column":46}},"62":{"start":{"line":80,"column":12},"end":{"line":80,"column":52}},"63":{"start":{"line":81,"column":12},"end":{"line":81,"column":51}},"64":{"start":{"line":82,"column":12},"end":{"line":82,"column":41}},"65":{"start":{"line":84,"column":12},"end":{"line":226,"column":13}},"66":{"start":{"line":85,"column":16},"end":{"line":85,"column":45}},"67":{"start":{"line":86,"column":16},"end":{"line":90,"column":19}},"68":{"start":{"line":87,"column":20},"end":{"line":89,"column":21}},"69":{"start":{"line":88,"column":24},"end":{"line":88,"column":40}},"70":{"start":{"line":91,"column":16},"end":{"line":91,"column":48}},"71":{"start":{"line":92,"column":16},"end":{"line":92,"column":44}},"72":{"start":{"line":93,"column":16},"end":{"line":155,"column":17}},"73":{"start":{"line":94,"column":20},"end":{"line":150,"column":21}},"74":{"start":{"line":95,"column":24},"end":{"line":95,"column":57}},"75":{"start":{"line":96,"column":24},"end":{"line":96,"column":70}},"76":{"start":{"line":97,"column":24},"end":{"line":97,"column":92}},"77":{"start":{"line":98,"column":24},"end":{"line":98,"column":50}},"78":{"start":{"line":99,"column":24},"end":{"line":124,"column":25}},"79":{"start":{"line":100,"column":28},"end":{"line":100,"column":51}},"80":{"start":{"line":102,"column":28},"end":{"line":122,"column":29}},"81":{"start":{"line":103,"column":51},"end":{"line":103,"column":68}},"82":{"start":{"line":104,"column":53},"end":{"line":104,"column":72}},"83":{"start":{"line":105,"column":32},"end":{"line":105,"column":119}},"84":{"start":{"line":106,"column":32},"end":{"line":115,"column":33}},"85":{"start":{"line":106,"column":45},"end":{"line":106,"column":46}},"86":{"start":{"line":107,"column":36},"end":{"line":107,"column":73}},"87":{"start":{"line":108,"column":36},"end":{"line":114,"column":37}},"88":{"start":{"line":108,"column":49},"end":{"line":108,"column":50}},"89":{"start":{"line":109,"column":40},"end":{"line":113,"column":41}},"90":{"start":{"line":110,"column":44},"end":{"line":112,"column":47}},"91":{"start":{"line":116,"column":32},"end":{"line":116,"column":72}},"92":{"start":{"line":117,"column":32},"end":{"line":117,"column":84}},"93":{"start":{"line":120,"column":32},"end":{"line":120,"column":58}},"94":{"start":{"line":121,"column":32},"end":{"line":121,"column":60}},"95":{"start":{"line":127,"column":24},"end":{"line":127,"column":90}},"96":{"start":{"line":128,"column":24},"end":{"line":128,"column":42}},"97":{"start":{"line":129,"column":24},"end":{"line":148,"column":25}},"98":{"start":{"line":130,"column":28},"end":{"line":130,"column":51}},"99":{"start":{"line":133,"column":47},"end":{"line":133,"column":64}},"100":{"start":{"line":134,"column":49},"end":{"line":134,"column":68}},"101":{"start":{"line":135,"column":28},"end":{"line":135,"column":115}},"102":{"start":{"line":136,"column":28},"end":{"line":145,"column":29}},"103":{"start":{"line":136,"column":41},"end":{"line":136,"column":42}},"104":{"start":{"line":137,"column":32},"end":{"line":137,"column":69}},"105":{"start":{"line":138,"column":32},"end":{"line":144,"column":33}},"106":{"start":{"line":138,"column":45},"end":{"line":138,"column":46}},"107":{"start":{"line":139,"column":36},"end":{"line":143,"column":37}},"108":{"start":{"line":140,"column":40},"end":{"line":142,"column":43}},"109":{"start":{"line":146,"column":28},"end":{"line":146,"column":68}},"110":{"start":{"line":147,"column":28},"end":{"line":147,"column":80}},"111":{"start":{"line":151,"column":20},"end":{"line":151,"column":44}},"112":{"start":{"line":154,"column":20},"end":{"line":154,"column":35}},"113":{"start":{"line":157,"column":17},"end":{"line":226,"column":13}},"114":{"start":{"line":158,"column":16},"end":{"line":158,"column":44}},"115":{"start":{"line":159,"column":16},"end":{"line":159,"column":38}},"116":{"start":{"line":160,"column":16},"end":{"line":223,"column":17}},"117":{"start":{"line":161,"column":20},"end":{"line":219,"column":21}},"118":{"start":{"line":162,"column":24},"end":{"line":162,"column":96}},"119":{"start":{"line":163,"column":24},"end":{"line":188,"column":25}},"120":{"start":{"line":164,"column":28},"end":{"line":164,"column":51}},"121":{"start":{"line":166,"column":28},"end":{"line":186,"column":29}},"122":{"start":{"line":167,"column":51},"end":{"line":167,"column":68}},"123":{"start":{"line":168,"column":53},"end":{"line":168,"column":72}},"124":{"start":{"line":169,"column":32},"end":{"line":169,"column":119}},"125":{"start":{"line":170,"column":32},"end":{"line":179,"column":33}},"126":{"start":{"line":170,"column":45},"end":{"line":170,"column":46}},"127":{"start":{"line":171,"column":36},"end":{"line":171,"column":73}},"128":{"start":{"line":172,"column":36},"end":{"line":178,"column":37}},"129":{"start":{"line":172,"column":49},"end":{"line":172,"column":50}},"130":{"start":{"line":173,"column":40},"end":{"line":177,"column":41}},"131":{"start":{"line":174,"column":44},"end":{"line":176,"column":47}},"132":{"start":{"line":180,"column":32},"end":{"line":180,"column":72}},"133":{"start":{"line":181,"column":32},"end":{"line":181,"column":84}},"134":{"start":{"line":184,"column":32},"end":{"line":184,"column":58}},"135":{"start":{"line":185,"column":32},"end":{"line":185,"column":60}},"136":{"start":{"line":191,"column":24},"end":{"line":191,"column":94}},"137":{"start":{"line":192,"column":24},"end":{"line":192,"column":42}},"138":{"start":{"line":193,"column":24},"end":{"line":218,"column":25}},"139":{"start":{"line":194,"column":28},"end":{"line":194,"column":51}},"140":{"start":{"line":196,"column":28},"end":{"line":216,"column":29}},"141":{"start":{"line":197,"column":51},"end":{"line":197,"column":68}},"142":{"start":{"line":198,"column":53},"end":{"line":198,"column":72}},"143":{"start":{"line":199,"column":32},"end":{"line":199,"column":119}},"144":{"start":{"line":200,"column":32},"end":{"line":209,"column":33}},"145":{"start":{"line":200,"column":45},"end":{"line":200,"column":46}},"146":{"start":{"line":201,"column":36},"end":{"line":201,"column":73}},"147":{"start":{"line":202,"column":36},"end":{"line":208,"column":37}},"148":{"start":{"line":202,"column":49},"end":{"line":202,"column":50}},"149":{"start":{"line":203,"column":40},"end":{"line":207,"column":41}},"150":{"start":{"line":204,"column":44},"end":{"line":206,"column":47}},"151":{"start":{"line":210,"column":32},"end":{"line":210,"column":72}},"152":{"start":{"line":211,"column":32},"end":{"line":211,"column":84}},"153":{"start":{"line":214,"column":32},"end":{"line":214,"column":58}},"154":{"start":{"line":215,"column":32},"end":{"line":215,"column":60}},"155":{"start":{"line":222,"column":20},"end":{"line":222,"column":35}},"156":{"start":{"line":224,"column":16},"end":{"line":224,"column":34}},"157":{"start":{"line":225,"column":16},"end":{"line":225,"column":40}},"158":{"start":{"line":232,"column":15},"end":{"line":670,"column":5}},"159":{"start":{"line":234,"column":12},"end":{"line":234,"column":47}},"160":{"start":{"line":235,"column":31},"end":{"line":235,"column":48}},"161":{"start":{"line":236,"column":22},"end":{"line":236,"column":31}},"162":{"start":{"line":237,"column":23},"end":{"line":237,"column":34}},"163":{"start":{"line":238,"column":25},"end":{"line":238,"column":36}},"164":{"start":{"line":239,"column":12},"end":{"line":239,"column":31}},"165":{"start":{"line":240,"column":12},"end":{"line":240,"column":42}},"166":{"start":{"line":241,"column":12},"end":{"line":241,"column":47}},"167":{"start":{"line":242,"column":12},"end":{"line":242,"column":37}},"168":{"start":{"line":243,"column":12},"end":{"line":243,"column":25}},"169":{"start":{"line":244,"column":12},"end":{"line":244,"column":27}},"170":{"start":{"line":245,"column":12},"end":{"line":245,"column":72}},"171":{"start":{"line":246,"column":12},"end":{"line":250,"column":13}},"172":{"start":{"line":246,"column":25},"end":{"line":246,"column":26}},"173":{"start":{"line":247,"column":28},"end":{"line":247,"column":47}},"174":{"start":{"line":248,"column":16},"end":{"line":248,"column":41}},"175":{"start":{"line":249,"column":16},"end":{"line":249,"column":44}},"176":{"start":{"line":252,"column":12},"end":{"line":252,"column":34}},"177":{"start":{"line":253,"column":12},"end":{"line":253,"column":38}},"178":{"start":{"line":254,"column":12},"end":{"line":254,"column":72}},"179":{"start":{"line":255,"column":12},"end":{"line":257,"column":13}},"180":{"start":{"line":256,"column":16},"end":{"line":256,"column":32}},"181":{"start":{"line":259,"column":12},"end":{"line":261,"column":13}},"182":{"start":{"line":260,"column":16},"end":{"line":260,"column":34}},"183":{"start":{"line":263,"column":12},"end":{"line":263,"column":56}},"184":{"start":{"line":264,"column":27},"end":{"line":264,"column":51}},"185":{"start":{"line":266,"column":12},"end":{"line":268,"column":15}},"186":{"start":{"line":267,"column":16},"end":{"line":267,"column":46}},"187":{"start":{"line":269,"column":12},"end":{"line":269,"column":53}},"188":{"start":{"line":270,"column":12},"end":{"line":282,"column":15}},"189":{"start":{"line":271,"column":16},"end":{"line":281,"column":17}},"190":{"start":{"line":272,"column":20},"end":{"line":272,"column":40}},"191":{"start":{"line":273,"column":20},"end":{"line":273,"column":48}},"192":{"start":{"line":274,"column":20},"end":{"line":274,"column":90}},"193":{"start":{"line":275,"column":20},"end":{"line":275,"column":46}},"194":{"start":{"line":276,"column":20},"end":{"line":280,"column":23}},"195":{"start":{"line":277,"column":24},"end":{"line":277,"column":56}},"196":{"start":{"line":278,"column":24},"end":{"line":278,"column":52}},"197":{"start":{"line":279,"column":24},"end":{"line":279,"column":58}},"198":{"start":{"line":283,"column":12},"end":{"line":665,"column":13}},"199":{"start":{"line":284,"column":16},"end":{"line":284,"column":55}},"200":{"start":{"line":285,"column":16},"end":{"line":285,"column":49}},"201":{"start":{"line":288,"column":16},"end":{"line":288,"column":48}},"202":{"start":{"line":289,"column":16},"end":{"line":289,"column":54}},"203":{"start":{"line":290,"column":16},"end":{"line":290,"column":53}},"204":{"start":{"line":291,"column":16},"end":{"line":291,"column":43}},"205":{"start":{"line":293,"column":16},"end":{"line":293,"column":50}},"206":{"start":{"line":294,"column":16},"end":{"line":294,"column":56}},"207":{"start":{"line":295,"column":16},"end":{"line":295,"column":55}},"208":{"start":{"line":296,"column":16},"end":{"line":296,"column":45}},"209":{"start":{"line":297,"column":16},"end":{"line":664,"column":17}},"210":{"start":{"line":298,"column":20},"end":{"line":304,"column":23}},"211":{"start":{"line":299,"column":24},"end":{"line":303,"column":25}},"212":{"start":{"line":300,"column":28},"end":{"line":300,"column":43}},"213":{"start":{"line":302,"column":28},"end":{"line":302,"column":61}},"214":{"start":{"line":305,"column":20},"end":{"line":305,"column":52}},"215":{"start":{"line":306,"column":20},"end":{"line":306,"column":33}},"216":{"start":{"line":307,"column":20},"end":{"line":307,"column":38}},"217":{"start":{"line":309,"column":20},"end":{"line":484,"column":21}},"218":{"start":{"line":310,"column":24},"end":{"line":380,"column":25}},"219":{"start":{"line":311,"column":28},"end":{"line":375,"column":29}},"220":{"start":{"line":312,"column":32},"end":{"line":312,"column":80}},"221":{"start":{"line":313,"column":32},"end":{"line":313,"column":97}},"222":{"start":{"line":314,"column":32},"end":{"line":342,"column":33}},"223":{"start":{"line":315,"column":36},"end":{"line":315,"column":59}},"224":{"start":{"line":317,"column":55},"end":{"line":317,"column":75}},"225":{"start":{"line":318,"column":57},"end":{"line":318,"column":79}},"226":{"start":{"line":319,"column":36},"end":{"line":319,"column":124}},"227":{"start":{"line":320,"column":36},"end":{"line":320,"column":82}},"228":{"start":{"line":322,"column":36},"end":{"line":340,"column":37}},"229":{"start":{"line":323,"column":40},"end":{"line":332,"column":41}},"230":{"start":{"line":323,"column":53},"end":{"line":323,"column":54}},"231":{"start":{"line":324,"column":44},"end":{"line":324,"column":81}},"232":{"start":{"line":325,"column":44},"end":{"line":331,"column":45}},"233":{"start":{"line":325,"column":57},"end":{"line":325,"column":58}},"234":{"start":{"line":326,"column":48},"end":{"line":330,"column":49}},"235":{"start":{"line":327,"column":52},"end":{"line":329,"column":55}},"236":{"start":{"line":333,"column":40},"end":{"line":333,"column":80}},"237":{"start":{"line":334,"column":40},"end":{"line":334,"column":92}},"238":{"start":{"line":335,"column":40},"end":{"line":335,"column":80}},"239":{"start":{"line":338,"column":40},"end":{"line":338,"column":58}},"240":{"start":{"line":339,"column":40},"end":{"line":339,"column":68}},"241":{"start":{"line":345,"column":32},"end":{"line":345,"column":62}},"242":{"start":{"line":346,"column":32},"end":{"line":346,"column":95}},"243":{"start":{"line":347,"column":32},"end":{"line":374,"column":33}},"244":{"start":{"line":348,"column":36},"end":{"line":348,"column":59}},"245":{"start":{"line":350,"column":55},"end":{"line":350,"column":75}},"246":{"start":{"line":351,"column":57},"end":{"line":351,"column":79}},"247":{"start":{"line":352,"column":36},"end":{"line":352,"column":123}},"248":{"start":{"line":353,"column":36},"end":{"line":372,"column":37}},"249":{"start":{"line":355,"column":40},"end":{"line":364,"column":41}},"250":{"start":{"line":355,"column":53},"end":{"line":355,"column":54}},"251":{"start":{"line":356,"column":44},"end":{"line":356,"column":81}},"252":{"start":{"line":357,"column":44},"end":{"line":363,"column":45}},"253":{"start":{"line":357,"column":57},"end":{"line":357,"column":58}},"254":{"start":{"line":358,"column":48},"end":{"line":362,"column":49}},"255":{"start":{"line":359,"column":52},"end":{"line":361,"column":55}},"256":{"start":{"line":365,"column":40},"end":{"line":365,"column":80}},"257":{"start":{"line":366,"column":40},"end":{"line":366,"column":92}},"258":{"start":{"line":367,"column":40},"end":{"line":367,"column":80}},"259":{"start":{"line":370,"column":40},"end":{"line":370,"column":58}},"260":{"start":{"line":371,"column":40},"end":{"line":371,"column":68}},"261":{"start":{"line":379,"column":28},"end":{"line":379,"column":36}},"262":{"start":{"line":382,"column":25},"end":{"line":484,"column":21}},"263":{"start":{"line":383,"column":24},"end":{"line":409,"column":25}},"264":{"start":{"line":384,"column":28},"end":{"line":405,"column":29}},"265":{"start":{"line":385,"column":32},"end":{"line":385,"column":79}},"266":{"start":{"line":386,"column":32},"end":{"line":386,"column":99}},"267":{"start":{"line":387,"column":32},"end":{"line":387,"column":58}},"268":{"start":{"line":388,"column":32},"end":{"line":393,"column":33}},"269":{"start":{"line":389,"column":36},"end":{"line":389,"column":64}},"270":{"start":{"line":392,"column":36},"end":{"line":392,"column":100}},"271":{"start":{"line":396,"column":32},"end":{"line":396,"column":75}},"272":{"start":{"line":397,"column":32},"end":{"line":397,"column":97}},"273":{"start":{"line":398,"column":32},"end":{"line":398,"column":62}},"274":{"start":{"line":399,"column":32},"end":{"line":404,"column":33}},"275":{"start":{"line":400,"column":36},"end":{"line":400,"column":64}},"276":{"start":{"line":403,"column":36},"end":{"line":403,"column":100}},"277":{"start":{"line":408,"column":28},"end":{"line":408,"column":36}},"278":{"start":{"line":412,"column":25},"end":{"line":484,"column":21}},"279":{"start":{"line":414,"column":24},"end":{"line":483,"column":25}},"280":{"start":{"line":415,"column":28},"end":{"line":478,"column":29}},"281":{"start":{"line":416,"column":32},"end":{"line":416,"column":80}},"282":{"start":{"line":417,"column":32},"end":{"line":417,"column":99}},"283":{"start":{"line":418,"column":32},"end":{"line":418,"column":50}},"284":{"start":{"line":419,"column":32},"end":{"line":445,"column":33}},"285":{"start":{"line":420,"column":36},"end":{"line":420,"column":59}},"286":{"start":{"line":422,"column":55},"end":{"line":422,"column":72}},"287":{"start":{"line":423,"column":57},"end":{"line":423,"column":76}},"288":{"start":{"line":424,"column":36},"end":{"line":424,"column":123}},"289":{"start":{"line":425,"column":36},"end":{"line":443,"column":37}},"290":{"start":{"line":426,"column":40},"end":{"line":435,"column":41}},"291":{"start":{"line":426,"column":53},"end":{"line":426,"column":54}},"292":{"start":{"line":427,"column":44},"end":{"line":427,"column":81}},"293":{"start":{"line":428,"column":44},"end":{"line":434,"column":45}},"294":{"start":{"line":428,"column":57},"end":{"line":428,"column":58}},"295":{"start":{"line":429,"column":48},"end":{"line":433,"column":49}},"296":{"start":{"line":430,"column":52},"end":{"line":432,"column":55}},"297":{"start":{"line":436,"column":40},"end":{"line":436,"column":80}},"298":{"start":{"line":437,"column":40},"end":{"line":437,"column":92}},"299":{"start":{"line":438,"column":40},"end":{"line":438,"column":80}},"300":{"start":{"line":442,"column":40},"end":{"line":442,"column":68}},"301":{"start":{"line":449,"column":32},"end":{"line":449,"column":97}},"302":{"start":{"line":450,"column":32},"end":{"line":450,"column":50}},"303":{"start":{"line":451,"column":32},"end":{"line":477,"column":33}},"304":{"start":{"line":452,"column":36},"end":{"line":452,"column":59}},"305":{"start":{"line":454,"column":55},"end":{"line":454,"column":72}},"306":{"start":{"line":455,"column":57},"end":{"line":455,"column":76}},"307":{"start":{"line":456,"column":36},"end":{"line":456,"column":123}},"308":{"start":{"line":457,"column":36},"end":{"line":475,"column":37}},"309":{"start":{"line":458,"column":40},"end":{"line":467,"column":41}},"310":{"start":{"line":458,"column":53},"end":{"line":458,"column":54}},"311":{"start":{"line":459,"column":44},"end":{"line":459,"column":81}},"312":{"start":{"line":460,"column":44},"end":{"line":466,"column":45}},"313":{"start":{"line":460,"column":57},"end":{"line":460,"column":58}},"314":{"start":{"line":461,"column":48},"end":{"line":465,"column":49}},"315":{"start":{"line":462,"column":52},"end":{"line":464,"column":55}},"316":{"start":{"line":468,"column":40},"end":{"line":468,"column":80}},"317":{"start":{"line":469,"column":40},"end":{"line":469,"column":92}},"318":{"start":{"line":470,"column":40},"end":{"line":470,"column":80}},"319":{"start":{"line":474,"column":40},"end":{"line":474,"column":68}},"320":{"start":{"line":482,"column":28},"end":{"line":482,"column":36}},"321":{"start":{"line":486,"column":21},"end":{"line":664,"column":17}},"322":{"start":{"line":487,"column":20},"end":{"line":487,"column":42}},"323":{"start":{"line":488,"column":20},"end":{"line":488,"column":51}},"324":{"start":{"line":489,"column":20},"end":{"line":489,"column":52}},"325":{"start":{"line":490,"column":20},"end":{"line":490,"column":43}},"326":{"start":{"line":491,"column":20},"end":{"line":491,"column":47}},"327":{"start":{"line":492,"column":20},"end":{"line":492,"column":41}},"328":{"start":{"line":493,"column":20},"end":{"line":662,"column":21}},"329":{"start":{"line":494,"column":24},"end":{"line":494,"column":49}},"330":{"start":{"line":495,"column":24},"end":{"line":559,"column":25}},"331":{"start":{"line":496,"column":28},"end":{"line":496,"column":49}},"332":{"start":{"line":497,"column":28},"end":{"line":553,"column":29}},"333":{"start":{"line":498,"column":32},"end":{"line":498,"column":61}},"334":{"start":{"line":499,"column":32},"end":{"line":499,"column":119}},"335":{"start":{"line":500,"column":32},"end":{"line":524,"column":33}},"336":{"start":{"line":501,"column":36},"end":{"line":501,"column":59}},"337":{"start":{"line":503,"column":55},"end":{"line":503,"column":72}},"338":{"start":{"line":504,"column":57},"end":{"line":504,"column":76}},"339":{"start":{"line":505,"column":36},"end":{"line":505,"column":123}},"340":{"start":{"line":506,"column":36},"end":{"line":522,"column":37}},"341":{"start":{"line":507,"column":40},"end":{"line":516,"column":41}},"342":{"start":{"line":507,"column":53},"end":{"line":507,"column":54}},"343":{"start":{"line":508,"column":44},"end":{"line":508,"column":81}},"344":{"start":{"line":509,"column":44},"end":{"line":515,"column":45}},"345":{"start":{"line":509,"column":57},"end":{"line":509,"column":58}},"346":{"start":{"line":510,"column":48},"end":{"line":514,"column":49}},"347":{"start":{"line":511,"column":52},"end":{"line":513,"column":55}},"348":{"start":{"line":517,"column":40},"end":{"line":517,"column":80}},"349":{"start":{"line":521,"column":40},"end":{"line":521,"column":68}},"350":{"start":{"line":527,"column":32},"end":{"line":527,"column":117}},"351":{"start":{"line":528,"column":32},"end":{"line":552,"column":33}},"352":{"start":{"line":529,"column":36},"end":{"line":529,"column":59}},"353":{"start":{"line":531,"column":55},"end":{"line":531,"column":72}},"354":{"start":{"line":532,"column":57},"end":{"line":532,"column":76}},"355":{"start":{"line":533,"column":36},"end":{"line":533,"column":123}},"356":{"start":{"line":534,"column":36},"end":{"line":550,"column":37}},"357":{"start":{"line":535,"column":40},"end":{"line":544,"column":41}},"358":{"start":{"line":535,"column":53},"end":{"line":535,"column":54}},"359":{"start":{"line":536,"column":44},"end":{"line":536,"column":81}},"360":{"start":{"line":537,"column":44},"end":{"line":543,"column":45}},"361":{"start":{"line":537,"column":57},"end":{"line":537,"column":58}},"362":{"start":{"line":538,"column":48},"end":{"line":542,"column":49}},"363":{"start":{"line":539,"column":52},"end":{"line":541,"column":55}},"364":{"start":{"line":545,"column":40},"end":{"line":545,"column":80}},"365":{"start":{"line":548,"column":40},"end":{"line":548,"column":58}},"366":{"start":{"line":549,"column":40},"end":{"line":549,"column":68}},"367":{"start":{"line":558,"column":28},"end":{"line":558,"column":36}},"368":{"start":{"line":561,"column":25},"end":{"line":662,"column":21}},"369":{"start":{"line":562,"column":24},"end":{"line":591,"column":25}},"370":{"start":{"line":563,"column":28},"end":{"line":563,"column":51}},"371":{"start":{"line":564,"column":28},"end":{"line":586,"column":29}},"372":{"start":{"line":565,"column":32},"end":{"line":565,"column":118}},"373":{"start":{"line":566,"column":32},"end":{"line":566,"column":55}},"374":{"start":{"line":567,"column":32},"end":{"line":572,"column":33}},"375":{"start":{"line":568,"column":36},"end":{"line":568,"column":64}},"376":{"start":{"line":571,"column":36},"end":{"line":571,"column":91}},"377":{"start":{"line":576,"column":32},"end":{"line":576,"column":116}},"378":{"start":{"line":578,"column":32},"end":{"line":578,"column":55}},"379":{"start":{"line":579,"column":32},"end":{"line":584,"column":33}},"380":{"start":{"line":580,"column":36},"end":{"line":580,"column":65}},"381":{"start":{"line":583,"column":36},"end":{"line":583,"column":91}},"382":{"start":{"line":590,"column":28},"end":{"line":590,"column":36}},"383":{"start":{"line":594,"column":25},"end":{"line":662,"column":21}},"384":{"start":{"line":595,"column":24},"end":{"line":661,"column":25}},"385":{"start":{"line":596,"column":28},"end":{"line":596,"column":48}},"386":{"start":{"line":597,"column":28},"end":{"line":656,"column":29}},"387":{"start":{"line":598,"column":32},"end":{"line":598,"column":61}},"388":{"start":{"line":599,"column":32},"end":{"line":599,"column":119}},"389":{"start":{"line":601,"column":32},"end":{"line":601,"column":58}},"390":{"start":{"line":602,"column":32},"end":{"line":626,"column":33}},"391":{"start":{"line":603,"column":36},"end":{"line":603,"column":59}},"392":{"start":{"line":606,"column":55},"end":{"line":606,"column":72}},"393":{"start":{"line":607,"column":57},"end":{"line":607,"column":76}},"394":{"start":{"line":608,"column":36},"end":{"line":608,"column":123}},"395":{"start":{"line":609,"column":36},"end":{"line":624,"column":37}},"396":{"start":{"line":610,"column":40},"end":{"line":619,"column":41}},"397":{"start":{"line":610,"column":53},"end":{"line":610,"column":54}},"398":{"start":{"line":611,"column":44},"end":{"line":611,"column":81}},"399":{"start":{"line":612,"column":44},"end":{"line":618,"column":45}},"400":{"start":{"line":612,"column":57},"end":{"line":612,"column":58}},"401":{"start":{"line":613,"column":48},"end":{"line":617,"column":49}},"402":{"start":{"line":614,"column":52},"end":{"line":616,"column":55}},"403":{"start":{"line":620,"column":40},"end":{"line":620,"column":80}},"404":{"start":{"line":623,"column":40},"end":{"line":623,"column":68}},"405":{"start":{"line":629,"column":32},"end":{"line":629,"column":117}},"406":{"start":{"line":630,"column":32},"end":{"line":630,"column":58}},"407":{"start":{"line":631,"column":32},"end":{"line":655,"column":33}},"408":{"start":{"line":632,"column":36},"end":{"line":632,"column":59}},"409":{"start":{"line":634,"column":55},"end":{"line":634,"column":72}},"410":{"start":{"line":635,"column":57},"end":{"line":635,"column":76}},"411":{"start":{"line":636,"column":36},"end":{"line":636,"column":123}},"412":{"start":{"line":637,"column":36},"end":{"line":653,"column":37}},"413":{"start":{"line":638,"column":40},"end":{"line":647,"column":41}},"414":{"start":{"line":638,"column":53},"end":{"line":638,"column":54}},"415":{"start":{"line":639,"column":44},"end":{"line":639,"column":81}},"416":{"start":{"line":640,"column":44},"end":{"line":646,"column":45}},"417":{"start":{"line":640,"column":57},"end":{"line":640,"column":58}},"418":{"start":{"line":641,"column":48},"end":{"line":645,"column":49}},"419":{"start":{"line":642,"column":52},"end":{"line":644,"column":55}},"420":{"start":{"line":648,"column":40},"end":{"line":648,"column":80}},"421":{"start":{"line":652,"column":40},"end":{"line":652,"column":68}},"422":{"start":{"line":660,"column":28},"end":{"line":660,"column":36}},"423":{"start":{"line":666,"column":12},"end":{"line":666,"column":33}},"424":{"start":{"line":673,"column":0},"end":{"line":673,"column":36}}},"fnMap":{"0":{"name":"(anonymous_0)","decl":{"start":{"line":20,"column":21},"end":{"line":20,"column":22}},"loc":{"start":{"line":20,"column":57},"end":{"line":229,"column":5}},"line":20},"1":{"name":"(anonymous_1)","decl":{"start":{"line":46,"column":21},"end":{"line":46,"column":22}},"loc":{"start":{"line":46,"column":32},"end":{"line":49,"column":9}},"line":46},"2":{"name":"(anonymous_2)","decl":{"start":{"line":51,"column":24},"end":{"line":51,"column":25}},"loc":{"start":{"line":51,"column":35},"end":{"line":65,"column":13}},"line":51},"3":{"name":"(anonymous_3)","decl":{"start":{"line":57,"column":36},"end":{"line":57,"column":37}},"loc":{"start":{"line":57,"column":47},"end":{"line":62,"column":21}},"line":57},"4":{"name":"(anonymous_4)","decl":{"start":{"line":86,"column":43},"end":{"line":86,"column":44}},"loc":{"start":{"line":86,"column":58},"end":{"line":90,"column":17}},"line":86},"5":{"name":"(anonymous_5)","decl":{"start":{"line":233,"column":25},"end":{"line":233,"column":26}},"loc":{"start":{"line":233,"column":61},"end":{"line":667,"column":9}},"line":233},"6":{"name":"(anonymous_6)","decl":{"start":{"line":266,"column":25},"end":{"line":266,"column":26}},"loc":{"start":{"line":266,"column":36},"end":{"line":268,"column":13}},"line":266},"7":{"name":"(anonymous_7)","decl":{"start":{"line":270,"column":26},"end":{"line":270,"column":27}},"loc":{"start":{"line":270,"column":37},"end":{"line":282,"column":13}},"line":270},"8":{"name":"(anonymous_8)","decl":{"start":{"line":276,"column":36},"end":{"line":276,"column":37}},"loc":{"start":{"line":276,"column":47},"end":{"line":280,"column":21}},"line":276},"9":{"name":"(anonymous_9)","decl":{"start":{"line":298,"column":41},"end":{"line":298,"column":42}},"loc":{"start":{"line":298,"column":56},"end":{"line":304,"column":21}},"line":298}},"branchMap":{"0":{"loc":{"start":{"line":52,"column":16},"end":{"line":63,"column":17}},"type":"if","locations":[{"start":{"line":52,"column":16},"end":{"line":63,"column":17}},{"start":{"line":52,"column":16},"end":{"line":63,"column":17}}],"line":52},"1":{"loc":{"start":{"line":68,"column":8},"end":{"line":227,"column":9}},"type":"if","locations":[{"start":{"line":68,"column":8},"end":{"line":227,"column":9}},{"start":{"line":68,"column":8},"end":{"line":227,"column":9}}],"line":68},"2":{"loc":{"start":{"line":84,"column":12},"end":{"line":226,"column":13}},"type":"if","locations":[{"start":{"line":84,"column":12},"end":{"line":226,"column":13}},{"start":{"line":84,"column":12},"end":{"line":226,"column":13}}],"line":84},"3":{"loc":{"start":{"line":87,"column":20},"end":{"line":89,"column":21}},"type":"if","locations":[{"start":{"line":87,"column":20},"end":{"line":89,"column":21}},{"start":{"line":87,"column":20},"end":{"line":89,"column":21}}],"line":87},"4":{"loc":{"start":{"line":94,"column":20},"end":{"line":150,"column":21}},"type":"if","locations":[{"start":{"line":94,"column":20},"end":{"line":150,"column":21}},{"start":{"line":94,"column":20},"end":{"line":150,"column":21}}],"line":94},"5":{"loc":{"start":{"line":99,"column":24},"end":{"line":124,"column":25}},"type":"if","locations":[{"start":{"line":99,"column":24},"end":{"line":124,"column":25}},{"start":{"line":99,"column":24},"end":{"line":124,"column":25}}],"line":99},"6":{"loc":{"start":{"line":102,"column":28},"end":{"line":122,"column":29}},"type":"if","locations":[{"start":{"line":102,"column":28},"end":{"line":122,"column":29}},{"start":{"line":102,"column":28},"end":{"line":122,"column":29}}],"line":102},"7":{"loc":{"start":{"line":102,"column":32},"end":{"line":102,"column":87}},"type":"binary-expr","locations":[{"start":{"line":102,"column":33},"end":{"line":102,"column":51}},{"start":{"line":102,"column":57},"end":{"line":102,"column":86}}],"line":102},"8":{"loc":{"start":{"line":106,"column":48},"end":{"line":106,"column":92}},"type":"binary-expr","locations":[{"start":{"line":106,"column":48},"end":{"line":106,"column":69}},{"start":{"line":106,"column":73},"end":{"line":106,"column":92}}],"line":106},"9":{"loc":{"start":{"line":109,"column":40},"end":{"line":113,"column":41}},"type":"if","locations":[{"start":{"line":109,"column":40},"end":{"line":113,"column":41}},{"start":{"line":109,"column":40},"end":{"line":113,"column":41}}],"line":109},"10":{"loc":{"start":{"line":129,"column":24},"end":{"line":148,"column":25}},"type":"if","locations":[{"start":{"line":129,"column":24},"end":{"line":148,"column":25}},{"start":{"line":129,"column":24},"end":{"line":148,"column":25}}],"line":129},"11":{"loc":{"start":{"line":136,"column":44},"end":{"line":136,"column":88}},"type":"binary-expr","locations":[{"start":{"line":136,"column":44},"end":{"line":136,"column":65}},{"start":{"line":136,"column":69},"end":{"line":136,"column":88}}],"line":136},"12":{"loc":{"start":{"line":139,"column":36},"end":{"line":143,"column":37}},"type":"if","locations":[{"start":{"line":139,"column":36},"end":{"line":143,"column":37}},{"start":{"line":139,"column":36},"end":{"line":143,"column":37}}],"line":139},"13":{"loc":{"start":{"line":157,"column":17},"end":{"line":226,"column":13}},"type":"if","locations":[{"start":{"line":157,"column":17},"end":{"line":226,"column":13}},{"start":{"line":157,"column":17},"end":{"line":226,"column":13}}],"line":157},"14":{"loc":{"start":{"line":157,"column":21},"end":{"line":157,"column":76}},"type":"binary-expr","locations":[{"start":{"line":157,"column":21},"end":{"line":157,"column":46}},{"start":{"line":157,"column":50},"end":{"line":157,"column":76}}],"line":157},"15":{"loc":{"start":{"line":161,"column":20},"end":{"line":219,"column":21}},"type":"if","locations":[{"start":{"line":161,"column":20},"end":{"line":219,"column":21}},{"start":{"line":161,"column":20},"end":{"line":219,"column":21}}],"line":161},"16":{"loc":{"start":{"line":163,"column":24},"end":{"line":188,"column":25}},"type":"if","locations":[{"start":{"line":163,"column":24},"end":{"line":188,"column":25}},{"start":{"line":163,"column":24},"end":{"line":188,"column":25}}],"line":163},"17":{"loc":{"start":{"line":166,"column":28},"end":{"line":186,"column":29}},"type":"if","locations":[{"start":{"line":166,"column":28},"end":{"line":186,"column":29}},{"start":{"line":166,"column":28},"end":{"line":186,"column":29}}],"line":166},"18":{"loc":{"start":{"line":166,"column":32},"end":{"line":166,"column":87}},"type":"binary-expr","locations":[{"start":{"line":166,"column":33},"end":{"line":166,"column":51}},{"start":{"line":166,"column":57},"end":{"line":166,"column":86}}],"line":166},"19":{"loc":{"start":{"line":170,"column":48},"end":{"line":170,"column":92}},"type":"binary-expr","locations":[{"start":{"line":170,"column":48},"end":{"line":170,"column":69}},{"start":{"line":170,"column":73},"end":{"line":170,"column":92}}],"line":170},"20":{"loc":{"start":{"line":173,"column":40},"end":{"line":177,"column":41}},"type":"if","locations":[{"start":{"line":173,"column":40},"end":{"line":177,"column":41}},{"start":{"line":173,"column":40},"end":{"line":177,"column":41}}],"line":173},"21":{"loc":{"start":{"line":193,"column":24},"end":{"line":218,"column":25}},"type":"if","locations":[{"start":{"line":193,"column":24},"end":{"line":218,"column":25}},{"start":{"line":193,"column":24},"end":{"line":218,"column":25}}],"line":193},"22":{"loc":{"start":{"line":196,"column":28},"end":{"line":216,"column":29}},"type":"if","locations":[{"start":{"line":196,"column":28},"end":{"line":216,"column":29}},{"start":{"line":196,"column":28},"end":{"line":216,"column":29}}],"line":196},"23":{"loc":{"start":{"line":196,"column":32},"end":{"line":196,"column":87}},"type":"binary-expr","locations":[{"start":{"line":196,"column":33},"end":{"line":196,"column":51}},{"start":{"line":196,"column":57},"end":{"line":196,"column":86}}],"line":196},"24":{"loc":{"start":{"line":200,"column":48},"end":{"line":200,"column":92}},"type":"binary-expr","locations":[{"start":{"line":200,"column":48},"end":{"line":200,"column":69}},{"start":{"line":200,"column":73},"end":{"line":200,"column":92}}],"line":200},"25":{"loc":{"start":{"line":203,"column":40},"end":{"line":207,"column":41}},"type":"if","locations":[{"start":{"line":203,"column":40},"end":{"line":207,"column":41}},{"start":{"line":203,"column":40},"end":{"line":207,"column":41}}],"line":203},"26":{"loc":{"start":{"line":271,"column":16},"end":{"line":281,"column":17}},"type":"if","locations":[{"start":{"line":271,"column":16},"end":{"line":281,"column":17}},{"start":{"line":271,"column":16},"end":{"line":281,"column":17}}],"line":271},"27":{"loc":{"start":{"line":283,"column":12},"end":{"line":665,"column":13}},"type":"if","locations":[{"start":{"line":283,"column":12},"end":{"line":665,"column":13}},{"start":{"line":283,"column":12},"end":{"line":665,"column":13}}],"line":283},"28":{"loc":{"start":{"line":297,"column":16},"end":{"line":664,"column":17}},"type":"if","locations":[{"start":{"line":297,"column":16},"end":{"line":664,"column":17}},{"start":{"line":297,"column":16},"end":{"line":664,"column":17}}],"line":297},"29":{"loc":{"start":{"line":299,"column":24},"end":{"line":303,"column":25}},"type":"if","locations":[{"start":{"line":299,"column":24},"end":{"line":303,"column":25}},{"start":{"line":299,"column":24},"end":{"line":303,"column":25}}],"line":299},"30":{"loc":{"start":{"line":309,"column":20},"end":{"line":484,"column":21}},"type":"if","locations":[{"start":{"line":309,"column":20},"end":{"line":484,"column":21}},{"start":{"line":309,"column":20},"end":{"line":484,"column":21}}],"line":309},"31":{"loc":{"start":{"line":311,"column":28},"end":{"line":375,"column":29}},"type":"if","locations":[{"start":{"line":311,"column":28},"end":{"line":375,"column":29}},{"start":{"line":311,"column":28},"end":{"line":375,"column":29}}],"line":311},"32":{"loc":{"start":{"line":314,"column":32},"end":{"line":342,"column":33}},"type":"if","locations":[{"start":{"line":314,"column":32},"end":{"line":342,"column":33}},{"start":{"line":314,"column":32},"end":{"line":342,"column":33}}],"line":314},"33":{"loc":{"start":{"line":322,"column":36},"end":{"line":340,"column":37}},"type":"if","locations":[{"start":{"line":322,"column":36},"end":{"line":340,"column":37}},{"start":{"line":322,"column":36},"end":{"line":340,"column":37}}],"line":322},"34":{"loc":{"start":{"line":322,"column":40},"end":{"line":322,"column":95}},"type":"binary-expr","locations":[{"start":{"line":322,"column":41},"end":{"line":322,"column":59}},{"start":{"line":322,"column":65},"end":{"line":322,"column":94}}],"line":322},"35":{"loc":{"start":{"line":323,"column":56},"end":{"line":323,"column":100}},"type":"binary-expr","locations":[{"start":{"line":323,"column":56},"end":{"line":323,"column":77}},{"start":{"line":323,"column":81},"end":{"line":323,"column":100}}],"line":323},"36":{"loc":{"start":{"line":326,"column":48},"end":{"line":330,"column":49}},"type":"if","locations":[{"start":{"line":326,"column":48},"end":{"line":330,"column":49}},{"start":{"line":326,"column":48},"end":{"line":330,"column":49}}],"line":326},"37":{"loc":{"start":{"line":347,"column":32},"end":{"line":374,"column":33}},"type":"if","locations":[{"start":{"line":347,"column":32},"end":{"line":374,"column":33}},{"start":{"line":347,"column":32},"end":{"line":374,"column":33}}],"line":347},"38":{"loc":{"start":{"line":353,"column":36},"end":{"line":372,"column":37}},"type":"if","locations":[{"start":{"line":353,"column":36},"end":{"line":372,"column":37}},{"start":{"line":353,"column":36},"end":{"line":372,"column":37}}],"line":353},"39":{"loc":{"start":{"line":353,"column":40},"end":{"line":353,"column":95}},"type":"binary-expr","locations":[{"start":{"line":353,"column":41},"end":{"line":353,"column":59}},{"start":{"line":353,"column":65},"end":{"line":353,"column":94}}],"line":353},"40":{"loc":{"start":{"line":355,"column":56},"end":{"line":355,"column":100}},"type":"binary-expr","locations":[{"start":{"line":355,"column":56},"end":{"line":355,"column":77}},{"start":{"line":355,"column":81},"end":{"line":355,"column":100}}],"line":355},"41":{"loc":{"start":{"line":358,"column":48},"end":{"line":362,"column":49}},"type":"if","locations":[{"start":{"line":358,"column":48},"end":{"line":362,"column":49}},{"start":{"line":358,"column":48},"end":{"line":362,"column":49}}],"line":358},"42":{"loc":{"start":{"line":382,"column":25},"end":{"line":484,"column":21}},"type":"if","locations":[{"start":{"line":382,"column":25},"end":{"line":484,"column":21}},{"start":{"line":382,"column":25},"end":{"line":484,"column":21}}],"line":382},"43":{"loc":{"start":{"line":384,"column":28},"end":{"line":405,"column":29}},"type":"if","locations":[{"start":{"line":384,"column":28},"end":{"line":405,"column":29}},{"start":{"line":384,"column":28},"end":{"line":405,"column":29}}],"line":384},"44":{"loc":{"start":{"line":388,"column":32},"end":{"line":393,"column":33}},"type":"if","locations":[{"start":{"line":388,"column":32},"end":{"line":393,"column":33}},{"start":{"line":388,"column":32},"end":{"line":393,"column":33}}],"line":388},"45":{"loc":{"start":{"line":399,"column":32},"end":{"line":404,"column":33}},"type":"if","locations":[{"start":{"line":399,"column":32},"end":{"line":404,"column":33}},{"start":{"line":399,"column":32},"end":{"line":404,"column":33}}],"line":399},"46":{"loc":{"start":{"line":412,"column":25},"end":{"line":484,"column":21}},"type":"if","locations":[{"start":{"line":412,"column":25},"end":{"line":484,"column":21}},{"start":{"line":412,"column":25},"end":{"line":484,"column":21}}],"line":412},"47":{"loc":{"start":{"line":415,"column":28},"end":{"line":478,"column":29}},"type":"if","locations":[{"start":{"line":415,"column":28},"end":{"line":478,"column":29}},{"start":{"line":415,"column":28},"end":{"line":478,"column":29}}],"line":415},"48":{"loc":{"start":{"line":419,"column":32},"end":{"line":445,"column":33}},"type":"if","locations":[{"start":{"line":419,"column":32},"end":{"line":445,"column":33}},{"start":{"line":419,"column":32},"end":{"line":445,"column":33}}],"line":419},"49":{"loc":{"start":{"line":425,"column":36},"end":{"line":443,"column":37}},"type":"if","locations":[{"start":{"line":425,"column":36},"end":{"line":443,"column":37}},{"start":{"line":425,"column":36},"end":{"line":443,"column":37}}],"line":425},"50":{"loc":{"start":{"line":425,"column":40},"end":{"line":425,"column":95}},"type":"binary-expr","locations":[{"start":{"line":425,"column":41},"end":{"line":425,"column":59}},{"start":{"line":425,"column":65},"end":{"line":425,"column":94}}],"line":425},"51":{"loc":{"start":{"line":426,"column":56},"end":{"line":426,"column":100}},"type":"binary-expr","locations":[{"start":{"line":426,"column":56},"end":{"line":426,"column":77}},{"start":{"line":426,"column":81},"end":{"line":426,"column":100}}],"line":426},"52":{"loc":{"start":{"line":429,"column":48},"end":{"line":433,"column":49}},"type":"if","locations":[{"start":{"line":429,"column":48},"end":{"line":433,"column":49}},{"start":{"line":429,"column":48},"end":{"line":433,"column":49}}],"line":429},"53":{"loc":{"start":{"line":451,"column":32},"end":{"line":477,"column":33}},"type":"if","locations":[{"start":{"line":451,"column":32},"end":{"line":477,"column":33}},{"start":{"line":451,"column":32},"end":{"line":477,"column":33}}],"line":451},"54":{"loc":{"start":{"line":457,"column":36},"end":{"line":475,"column":37}},"type":"if","locations":[{"start":{"line":457,"column":36},"end":{"line":475,"column":37}},{"start":{"line":457,"column":36},"end":{"line":475,"column":37}}],"line":457},"55":{"loc":{"start":{"line":457,"column":40},"end":{"line":457,"column":95}},"type":"binary-expr","locations":[{"start":{"line":457,"column":41},"end":{"line":457,"column":59}},{"start":{"line":457,"column":65},"end":{"line":457,"column":94}}],"line":457},"56":{"loc":{"start":{"line":458,"column":56},"end":{"line":458,"column":100}},"type":"binary-expr","locations":[{"start":{"line":458,"column":56},"end":{"line":458,"column":77}},{"start":{"line":458,"column":81},"end":{"line":458,"column":100}}],"line":458},"57":{"loc":{"start":{"line":461,"column":48},"end":{"line":465,"column":49}},"type":"if","locations":[{"start":{"line":461,"column":48},"end":{"line":465,"column":49}},{"start":{"line":461,"column":48},"end":{"line":465,"column":49}}],"line":461},"58":{"loc":{"start":{"line":486,"column":21},"end":{"line":664,"column":17}},"type":"if","locations":[{"start":{"line":486,"column":21},"end":{"line":664,"column":17}},{"start":{"line":486,"column":21},"end":{"line":664,"column":17}}],"line":486},"59":{"loc":{"start":{"line":486,"column":25},"end":{"line":486,"column":80}},"type":"binary-expr","locations":[{"start":{"line":486,"column":25},"end":{"line":486,"column":50}},{"start":{"line":486,"column":54},"end":{"line":486,"column":80}}],"line":486},"60":{"loc":{"start":{"line":493,"column":20},"end":{"line":662,"column":21}},"type":"if","locations":[{"start":{"line":493,"column":20},"end":{"line":662,"column":21}},{"start":{"line":493,"column":20},"end":{"line":662,"column":21}}],"line":493},"61":{"loc":{"start":{"line":497,"column":28},"end":{"line":553,"column":29}},"type":"if","locations":[{"start":{"line":497,"column":28},"end":{"line":553,"column":29}},{"start":{"line":497,"column":28},"end":{"line":553,"column":29}}],"line":497},"62":{"loc":{"start":{"line":500,"column":32},"end":{"line":524,"column":33}},"type":"if","locations":[{"start":{"line":500,"column":32},"end":{"line":524,"column":33}},{"start":{"line":500,"column":32},"end":{"line":524,"column":33}}],"line":500},"63":{"loc":{"start":{"line":506,"column":36},"end":{"line":522,"column":37}},"type":"if","locations":[{"start":{"line":506,"column":36},"end":{"line":522,"column":37}},{"start":{"line":506,"column":36},"end":{"line":522,"column":37}}],"line":506},"64":{"loc":{"start":{"line":506,"column":40},"end":{"line":506,"column":95}},"type":"binary-expr","locations":[{"start":{"line":506,"column":41},"end":{"line":506,"column":59}},{"start":{"line":506,"column":65},"end":{"line":506,"column":94}}],"line":506},"65":{"loc":{"start":{"line":507,"column":56},"end":{"line":507,"column":100}},"type":"binary-expr","locations":[{"start":{"line":507,"column":56},"end":{"line":507,"column":77}},{"start":{"line":507,"column":81},"end":{"line":507,"column":100}}],"line":507},"66":{"loc":{"start":{"line":510,"column":48},"end":{"line":514,"column":49}},"type":"if","locations":[{"start":{"line":510,"column":48},"end":{"line":514,"column":49}},{"start":{"line":510,"column":48},"end":{"line":514,"column":49}}],"line":510},"67":{"loc":{"start":{"line":528,"column":32},"end":{"line":552,"column":33}},"type":"if","locations":[{"start":{"line":528,"column":32},"end":{"line":552,"column":33}},{"start":{"line":528,"column":32},"end":{"line":552,"column":33}}],"line":528},"68":{"loc":{"start":{"line":534,"column":36},"end":{"line":550,"column":37}},"type":"if","locations":[{"start":{"line":534,"column":36},"end":{"line":550,"column":37}},{"start":{"line":534,"column":36},"end":{"line":550,"column":37}}],"line":534},"69":{"loc":{"start":{"line":534,"column":40},"end":{"line":534,"column":95}},"type":"binary-expr","locations":[{"start":{"line":534,"column":41},"end":{"line":534,"column":59}},{"start":{"line":534,"column":65},"end":{"line":534,"column":94}}],"line":534},"70":{"loc":{"start":{"line":535,"column":56},"end":{"line":535,"column":100}},"type":"binary-expr","locations":[{"start":{"line":535,"column":56},"end":{"line":535,"column":77}},{"start":{"line":535,"column":81},"end":{"line":535,"column":100}}],"line":535},"71":{"loc":{"start":{"line":538,"column":48},"end":{"line":542,"column":49}},"type":"if","locations":[{"start":{"line":538,"column":48},"end":{"line":542,"column":49}},{"start":{"line":538,"column":48},"end":{"line":542,"column":49}}],"line":538},"72":{"loc":{"start":{"line":561,"column":25},"end":{"line":662,"column":21}},"type":"if","locations":[{"start":{"line":561,"column":25},"end":{"line":662,"column":21}},{"start":{"line":561,"column":25},"end":{"line":662,"column":21}}],"line":561},"73":{"loc":{"start":{"line":564,"column":28},"end":{"line":586,"column":29}},"type":"if","locations":[{"start":{"line":564,"column":28},"end":{"line":586,"column":29}},{"start":{"line":564,"column":28},"end":{"line":586,"column":29}}],"line":564},"74":{"loc":{"start":{"line":567,"column":32},"end":{"line":572,"column":33}},"type":"if","locations":[{"start":{"line":567,"column":32},"end":{"line":572,"column":33}},{"start":{"line":567,"column":32},"end":{"line":572,"column":33}}],"line":567},"75":{"loc":{"start":{"line":579,"column":32},"end":{"line":584,"column":33}},"type":"if","locations":[{"start":{"line":579,"column":32},"end":{"line":584,"column":33}},{"start":{"line":579,"column":32},"end":{"line":584,"column":33}}],"line":579},"76":{"loc":{"start":{"line":594,"column":25},"end":{"line":662,"column":21}},"type":"if","locations":[{"start":{"line":594,"column":25},"end":{"line":662,"column":21}},{"start":{"line":594,"column":25},"end":{"line":662,"column":21}}],"line":594},"77":{"loc":{"start":{"line":597,"column":28},"end":{"line":656,"column":29}},"type":"if","locations":[{"start":{"line":597,"column":28},"end":{"line":656,"column":29}},{"start":{"line":597,"column":28},"end":{"line":656,"column":29}}],"line":597},"78":{"loc":{"start":{"line":602,"column":32},"end":{"line":626,"column":33}},"type":"if","locations":[{"start":{"line":602,"column":32},"end":{"line":626,"column":33}},{"start":{"line":602,"column":32},"end":{"line":626,"column":33}}],"line":602},"79":{"loc":{"start":{"line":609,"column":36},"end":{"line":624,"column":37}},"type":"if","locations":[{"start":{"line":609,"column":36},"end":{"line":624,"column":37}},{"start":{"line":609,"column":36},"end":{"line":624,"column":37}}],"line":609},"80":{"loc":{"start":{"line":609,"column":40},"end":{"line":609,"column":95}},"type":"binary-expr","locations":[{"start":{"line":609,"column":41},"end":{"line":609,"column":59}},{"start":{"line":609,"column":65},"end":{"line":609,"column":94}}],"line":609},"81":{"loc":{"start":{"line":610,"column":56},"end":{"line":610,"column":100}},"type":"binary-expr","locations":[{"start":{"line":610,"column":56},"end":{"line":610,"column":77}},{"start":{"line":610,"column":81},"end":{"line":610,"column":100}}],"line":610},"82":{"loc":{"start":{"line":613,"column":48},"end":{"line":617,"column":49}},"type":"if","locations":[{"start":{"line":613,"column":48},"end":{"line":617,"column":49}},{"start":{"line":613,"column":48},"end":{"line":617,"column":49}}],"line":613},"83":{"loc":{"start":{"line":631,"column":32},"end":{"line":655,"column":33}},"type":"if","locations":[{"start":{"line":631,"column":32},"end":{"line":655,"column":33}},{"start":{"line":631,"column":32},"end":{"line":655,"column":33}}],"line":631},"84":{"loc":{"start":{"line":637,"column":36},"end":{"line":653,"column":37}},"type":"if","locations":[{"start":{"line":637,"column":36},"end":{"line":653,"column":37}},{"start":{"line":637,"column":36},"end":{"line":653,"column":37}}],"line":637},"85":{"loc":{"start":{"line":637,"column":40},"end":{"line":637,"column":95}},"type":"binary-expr","locations":[{"start":{"line":637,"column":41},"end":{"line":637,"column":59}},{"start":{"line":637,"column":65},"end":{"line":637,"column":94}}],"line":637},"86":{"loc":{"start":{"line":638,"column":56},"end":{"line":638,"column":100}},"type":"binary-expr","locations":[{"start":{"line":638,"column":56},"end":{"line":638,"column":77}},{"start":{"line":638,"column":81},"end":{"line":638,"column":100}}],"line":638},"87":{"loc":{"start":{"line":641,"column":48},"end":{"line":645,"column":49}},"type":"if","locations":[{"start":{"line":641,"column":48},"end":{"line":645,"column":49}},{"start":{"line":641,"column":48},"end":{"line":645,"column":49}}],"line":641}},"s":{"0":4,"1":4,"2":4,"3":4,"4":4,"5":4,"6":4,"7":4,"8":4,"9":4,"10":4,"11":4,"12":4,"13":4,"14":4,"15":4,"16":4,"17":4,"18":8,"19":8,"20":8,"21":8,"22":8,"23":8,"24":8,"25":8,"26":8,"27":15,"28":15,"29":15,"30":8,"31":8,"32":8,"33":15,"34":8,"35":15,"36":8,"37":8,"38":8,"39":8,"40":8,"41":8,"42":15,"43":30,"44":5,"45":5,"46":5,"47":5,"48":5,"49":5,"50":5,"51":5,"52":8,"53":8,"54":0,"55":0,"56":8,"57":8,"58":8,"59":8,"60":8,"61":8,"62":8,"63":8,"64":8,"65":8,"66":4,"67":4,"68":4,"69":0,"70":4,"71":4,"72":4,"73":4,"74":4,"75":4,"76":4,"77":4,"78":4,"79":2,"80":2,"81":1,"82":1,"83":1,"84":1,"85":1,"86":5,"87":5,"88":5,"89":5,"90":0,"91":1,"92":1,"93":1,"94":1,"95":0,"96":0,"97":0,"98":0,"99":0,"100":0,"101":0,"102":0,"103":0,"104":0,"105":0,"106":0,"107":0,"108":0,"109":0,"110":0,"111":1,"112":0,"113":4,"114":4,"115":4,"116":4,"117":4,"118":4,"119":4,"120":0,"121":4,"122":1,"123":1,"124":1,"125":1,"126":1,"127":14,"128":14,"129":14,"130":14,"131":0,"132":1,"133":1,"134":3,"135":3,"136":0,"137":0,"138":0,"139":0,"140":0,"141":0,"142":0,"143":0,"144":0,"145":0,"146":0,"147":0,"148":0,"149":0,"150":0,"151":0,"152":0,"153":0,"154":0,"155":0,"156":1,"157":1,"158":4,"159":9,"160":9,"161":9,"162":9,"163":9,"164":9,"165":9,"166":9,"167":9,"168":9,"169":9,"170":9,"171":9,"172":9,"173":31,"174":31,"175":31,"176":9,"177":9,"178":9,"179":9,"180":31,"181":9,"182":31,"183":9,"184":9,"185":9,"186":9,"187":9,"188":9,"189":63,"190":9,"191":9,"192":9,"193":9,"194":9,"195":9,"196":9,"197":9,"198":9,"199":0,"200":0,"201":9,"202":9,"203":9,"204":9,"205":9,"206":9,"207":9,"208":9,"209":9,"210":5,"211":5,"212":0,"213":5,"214":5,"215":5,"216":5,"217":5,"218":1,"219":1,"220":1,"221":1,"222":1,"223":0,"224":1,"225":1,"226":1,"227":1,"228":1,"229":0,"230":0,"231":0,"232":0,"233":0,"234":0,"235":0,"236":0,"237":0,"238":0,"239":1,"240":1,"241":0,"242":0,"243":0,"244":0,"245":0,"246":0,"247":0,"248":0,"249":0,"250":0,"251":0,"252":0,"253":0,"254":0,"255":0,"256":0,"257":0,"258":0,"259":0,"260":0,"261":0,"262":4,"263":2,"264":2,"265":2,"266":2,"267":2,"268":2,"269":1,"270":1,"271":0,"272":0,"273":0,"274":0,"275":0,"276":0,"277":0,"278":2,"279":2,"280":2,"281":2,"282":2,"283":2,"284":2,"285":1,"286":1,"287":1,"288":1,"289":1,"290":1,"291":1,"292":5,"293":5,"294":5,"295":15,"296":3,"297":1,"298":1,"299":1,"300":0,"301":0,"302":0,"303":0,"304":0,"305":0,"306":0,"307":0,"308":0,"309":0,"310":0,"311":0,"312":0,"313":0,"314":0,"315":0,"316":0,"317":0,"318":0,"319":0,"320":0,"321":4,"322":4,"323":4,"324":4,"325":4,"326":4,"327":4,"328":4,"329":1,"330":1,"331":1,"332":1,"333":1,"334":1,"335":1,"336":0,"337":1,"338":1,"339":1,"340":1,"341":0,"342":0,"343":0,"344":0,"345":0,"346":0,"347":0,"348":0,"349":1,"350":0,"351":0,"352":0,"353":0,"354":0,"355":0,"356":0,"357":0,"358":0,"359":0,"360":0,"361":0,"362":0,"363":0,"364":0,"365":0,"366":0,"367":0,"368":3,"369":2,"370":2,"371":2,"372":2,"373":2,"374":2,"375":0,"376":2,"377":0,"378":0,"379":0,"380":0,"381":0,"382":0,"383":1,"384":1,"385":1,"386":1,"387":1,"388":1,"389":1,"390":1,"391":0,"392":1,"393":1,"394":1,"395":1,"396":0,"397":0,"398":0,"399":0,"400":0,"401":0,"402":0,"403":0,"404":1,"405":0,"406":0,"407":0,"408":0,"409":0,"410":0,"411":0,"412":0,"413":0,"414":0,"415":0,"416":0,"417":0,"418":0,"419":0,"420":0,"421":0,"422":0,"423":0,"424":4},"f":{"0":8,"1":8,"2":30,"3":5,"4":4,"5":9,"6":9,"7":63,"8":9,"9":5},"b":{"0":[5,25],"1":[0,8],"2":[4,4],"3":[0,4],"4":[4,0],"5":[2,2],"6":[1,1],"7":[2,2],"8":[6,5],"9":[0,5],"10":[0,0],"11":[0,0],"12":[0,0],"13":[4,0],"14":[4,0],"15":[4,0],"16":[0,4],"17":[1,3],"18":[4,4],"19":[15,14],"20":[0,14],"21":[0,0],"22":[0,0],"23":[0,0],"24":[0,0],"25":[0,0],"26":[9,54],"27":[0,9],"28":[5,4],"29":[0,5],"30":[1,4],"31":[1,0],"32":[0,1],"33":[0,1],"34":[1,1],"35":[0,0],"36":[0,0],"37":[0,0],"38":[0,0],"39":[0,0],"40":[0,0],"41":[0,0],"42":[2,2],"43":[2,0],"44":[1,1],"45":[0,0],"46":[2,0],"47":[2,0],"48":[1,1],"49":[1,0],"50":[1,1],"51":[6,5],"52":[3,12],"53":[0,0],"54":[0,0],"55":[0,0],"56":[0,0],"57":[0,0],"58":[4,0],"59":[4,0],"60":[1,3],"61":[1,0],"62":[0,1],"63":[0,1],"64":[1,1],"65":[0,0],"66":[0,0],"67":[0,0],"68":[0,0],"69":[0,0],"70":[0,0],"71":[0,0],"72":[2,1],"73":[2,0],"74":[0,2],"75":[0,0],"76":[1,0],"77":[1,0],"78":[0,1],"79":[0,1],"80":[1,1],"81":[0,0],"82":[0,0],"83":[0,0],"84":[0,0],"85":[0,0],"86":[0,0],"87":[0,0]},"_coverageSchema":"43e27e138ebf9cfc5966b082cf9a028302ed4184","hash":"63d8ebf8e7a780b6d151bd07b3538abccbd8c002"}
,"C:\\Users\\mdivvela\\GenericResolver\\config\\database.js": {"path":"C:\\Users\\mdivvela\\GenericResolver\\config\\database.js","statementMap":{"0":{"start":{"line":1,"column":0},"end":{"line":3,"column":1}}},"fnMap":{},"branchMap":{},"s":{"0":4},"f":{},"b":{},"_coverageSchema":"43e27e138ebf9cfc5966b082cf9a028302ed4184","hash":"804837c0de2f0177524c70d506b494b8d5a2baef"}
,"C:\\Users\\mdivvela\\GenericResolver\\modules\\mutationModule.js": {"path":"C:\\Users\\mdivvela\\GenericResolver\\modules\\mutationModule.js","statementMap":{"0":{"start":{"line":1,"column":9},"end":{"line":1,"column":28}},"1":{"start":{"line":3,"column":13},"end":{"line":20,"column":1}},"2":{"start":{"line":4,"column":15},"end":{"line":4,"column":24}},"3":{"start":{"line":5,"column":4},"end":{"line":18,"column":5}},"4":{"start":{"line":6,"column":8},"end":{"line":8,"column":9}},"5":{"start":{"line":6,"column":21},"end":{"line":6,"column":22}},"6":{"start":{"line":7,"column":12},"end":{"line":7,"column":41}},"7":{"start":{"line":9,"column":8},"end":{"line":9,"column":75}},"8":{"start":{"line":10,"column":8},"end":{"line":13,"column":9}},"9":{"start":{"line":11,"column":12},"end":{"line":11,"column":103}},"10":{"start":{"line":14,"column":8},"end":{"line":14,"column":20}},"11":{"start":{"line":17,"column":8},"end":{"line":17,"column":31}},"12":{"start":{"line":21,"column":15},"end":{"line":33,"column":1}},"13":{"start":{"line":23,"column":4},"end":{"line":32,"column":5}},"14":{"start":{"line":24,"column":8},"end":{"line":26,"column":9}},"15":{"start":{"line":24,"column":21},"end":{"line":24,"column":22}},"16":{"start":{"line":25,"column":12},"end":{"line":25,"column":45}},"17":{"start":{"line":27,"column":8},"end":{"line":27,"column":76}},"18":{"start":{"line":29,"column":8},"end":{"line":29,"column":36}},"19":{"start":{"line":31,"column":8},"end":{"line":31,"column":31}},"20":{"start":{"line":35,"column":15},"end":{"line":57,"column":1}},"21":{"start":{"line":36,"column":28},"end":{"line":36,"column":37}},"22":{"start":{"line":37,"column":4},"end":{"line":56,"column":5}},"23":{"start":{"line":38,"column":8},"end":{"line":40,"column":9}},"24":{"start":{"line":38,"column":21},"end":{"line":38,"column":22}},"25":{"start":{"line":39,"column":12},"end":{"line":39,"column":45}},"26":{"start":{"line":42,"column":8},"end":{"line":42,"column":21}},"27":{"start":{"line":43,"column":8},"end":{"line":43,"column":23}},"28":{"start":{"line":45,"column":8},"end":{"line":47,"column":9}},"29":{"start":{"line":45,"column":21},"end":{"line":45,"column":22}},"30":{"start":{"line":46,"column":12},"end":{"line":46,"column":41}},"31":{"start":{"line":49,"column":8},"end":{"line":49,"column":92}},"32":{"start":{"line":50,"column":8},"end":{"line":52,"column":9}},"33":{"start":{"line":51,"column":12},"end":{"line":51,"column":72}},"34":{"start":{"line":53,"column":8},"end":{"line":53,"column":20}},"35":{"start":{"line":55,"column":8},"end":{"line":55,"column":31}},"36":{"start":{"line":58,"column":0},"end":{"line":58,"column":41}}},"fnMap":{"0":{"name":"(anonymous_0)","decl":{"start":{"line":3,"column":13},"end":{"line":3,"column":14}},"loc":{"start":{"line":3,"column":53},"end":{"line":20,"column":1}},"line":3},"1":{"name":"(anonymous_1)","decl":{"start":{"line":21,"column":15},"end":{"line":21,"column":16}},"loc":{"start":{"line":21,"column":55},"end":{"line":33,"column":1}},"line":21},"2":{"name":"(anonymous_2)","decl":{"start":{"line":35,"column":15},"end":{"line":35,"column":16}},"loc":{"start":{"line":35,"column":55},"end":{"line":57,"column":1}},"line":35}},"branchMap":{"0":{"loc":{"start":{"line":6,"column":24},"end":{"line":6,"column":56}},"type":"binary-expr","locations":[{"start":{"line":6,"column":24},"end":{"line":6,"column":39}},{"start":{"line":6,"column":43},"end":{"line":6,"column":56}}],"line":6},"1":{"loc":{"start":{"line":10,"column":8},"end":{"line":13,"column":9}},"type":"if","locations":[{"start":{"line":10,"column":8},"end":{"line":13,"column":9}},{"start":{"line":10,"column":8},"end":{"line":13,"column":9}}],"line":10},"2":{"loc":{"start":{"line":24,"column":24},"end":{"line":24,"column":56}},"type":"binary-expr","locations":[{"start":{"line":24,"column":24},"end":{"line":24,"column":39}},{"start":{"line":24,"column":43},"end":{"line":24,"column":56}}],"line":24},"3":{"loc":{"start":{"line":38,"column":24},"end":{"line":38,"column":56}},"type":"binary-expr","locations":[{"start":{"line":38,"column":24},"end":{"line":38,"column":39}},{"start":{"line":38,"column":43},"end":{"line":38,"column":56}}],"line":38},"4":{"loc":{"start":{"line":45,"column":24},"end":{"line":45,"column":56}},"type":"binary-expr","locations":[{"start":{"line":45,"column":24},"end":{"line":45,"column":39}},{"start":{"line":45,"column":43},"end":{"line":45,"column":56}}],"line":45},"5":{"loc":{"start":{"line":50,"column":8},"end":{"line":52,"column":9}},"type":"if","locations":[{"start":{"line":50,"column":8},"end":{"line":52,"column":9}},{"start":{"line":50,"column":8},"end":{"line":52,"column":9}}],"line":50}},"s":{"0":4,"1":4,"2":1,"3":1,"4":1,"5":1,"6":4,"7":1,"8":1,"9":1,"10":1,"11":0,"12":4,"13":2,"14":2,"15":2,"16":2,"17":2,"18":2,"19":0,"20":4,"21":2,"22":2,"23":2,"24":2,"25":8,"26":2,"27":2,"28":2,"29":2,"30":6,"31":2,"32":2,"33":2,"34":2,"35":0,"36":4},"f":{"0":1,"1":2,"2":2},"b":{"0":[5,4],"1":[1,0],"2":[4,2],"3":[10,8],"4":[8,6],"5":[2,0]},"_coverageSchema":"43e27e138ebf9cfc5966b082cf9a028302ed4184","hash":"96a298265abd6ac50e42c42655de5878dbd5f7be"}
,"C:\\Users\\mdivvela\\GenericResolver\\modules\\queryModule.js": {"path":"C:\\Users\\mdivvela\\GenericResolver\\modules\\queryModule.js","statementMap":{"0":{"start":{"line":1,"column":9},"end":{"line":1,"column":28}},"1":{"start":{"line":2,"column":19},"end":{"line":15,"column":1}},"2":{"start":{"line":4,"column":4},"end":{"line":13,"column":5}},"3":{"start":{"line":6,"column":8},"end":{"line":8,"column":9}},"4":{"start":{"line":6,"column":21},"end":{"line":6,"column":22}},"5":{"start":{"line":7,"column":12},"end":{"line":7,"column":47}},"6":{"start":{"line":9,"column":8},"end":{"line":9,"column":68}},"7":{"start":{"line":10,"column":8},"end":{"line":10,"column":20}},"8":{"start":{"line":12,"column":8},"end":{"line":12,"column":31}},"9":{"start":{"line":17,"column":0},"end":{"line":17,"column":31}}},"fnMap":{"0":{"name":"(anonymous_0)","decl":{"start":{"line":2,"column":19},"end":{"line":2,"column":20}},"loc":{"start":{"line":2,"column":55},"end":{"line":15,"column":1}},"line":2}},"branchMap":{"0":{"loc":{"start":{"line":6,"column":24},"end":{"line":6,"column":58}},"type":"binary-expr","locations":[{"start":{"line":6,"column":24},"end":{"line":6,"column":41}},{"start":{"line":6,"column":45},"end":{"line":6,"column":58}}],"line":6}},"s":{"0":4,"1":4,"2":4,"3":4,"4":4,"5":4,"6":4,"7":4,"8":0,"9":4},"f":{"0":4},"b":{"0":[8,6]},"_coverageSchema":"43e27e138ebf9cfc5966b082cf9a028302ed4184","hash":"7c62fb68438e908dea1213de0f208e6b6c9ea414"}
}
