TN:
SF:C:\Users\mdivvela\GenericResolver\datasource.js
FN:5,(anonymous_0)
FN:9,(anonymous_1)
FN:23,(anonymous_2)
FN:57,(anonymous_3)
FN:59,(anonymous_4)
FN:62,(anonymous_5)
FN:74,(anonymous_6)
FNF:7
FNH:6
FNDA:8,(anonymous_0)
FNDA:4,(anonymous_1)
FNDA:4,(anonymous_2)
FNDA:4,(anonymous_3)
FNDA:4,(anonymous_4)
FNDA:2,(anonymous_5)
FNDA:0,(anonymous_6)
DA:1,2
DA:2,2
DA:3,2
DA:6,8
DA:10,4
DA:11,4
DA:12,4
DA:13,1
DA:14,1
DA:17,3
DA:26,4
DA:27,4
DA:28,1
DA:29,1
DA:30,1
DA:32,3
DA:34,2
DA:35,2
DA:36,2
DA:38,1
DA:39,1
DA:40,1
DA:41,1
DA:45,4
DA:46,11
DA:48,4
DA:52,4
DA:58,4
DA:60,4
DA:61,4
DA:62,2
DA:63,2
DA:64,2
DA:65,2
DA:67,2
DA:69,0
DA:70,2
DA:71,2
DA:75,0
DA:80,2
LF:40
LH:38
BRDA:27,0,0,1
BRDA:27,0,1,3
BRDA:32,1,0,2
BRDA:32,1,1,1
BRDA:38,2,0,1
BRDA:38,2,1,0
BRDA:45,3,0,15
BRDA:45,3,1,11
BRDA:61,4,0,2
BRDA:61,4,1,2
BRDA:61,5,0,4
BRDA:61,5,1,3
BRDA:67,6,0,0
BRDA:67,6,1,2
BRDA:67,7,0,2
BRDA:67,7,1,2
BRDA:67,7,2,2
BRDA:67,7,3,2
BRDA:70,8,0,2
BRDA:70,8,1,0
BRF:20
BRH:17
end_of_record
TN:
SF:C:\Users\mdivvela\GenericResolver\db.js
FN:7,(anonymous_0)
FN:10,(anonymous_1)
FN:20,(anonymous_2)
FN:24,(anonymous_3)
FN:26,(anonymous_4)
FN:28,(anonymous_5)
FNF:6
FNH:4
FNDA:11,(anonymous_0)
FNDA:2,(anonymous_1)
FNDA:12,(anonymous_2)
FNDA:0,(anonymous_3)
FNDA:3,(anonymous_4)
FNDA:0,(anonymous_5)
DA:1,4
DA:4,4
DA:7,4
DA:8,11
DA:9,2
DA:11,2
DA:13,2
DA:14,2
DA:20,4
DA:21,12
DA:24,4
DA:26,4
DA:27,3
DA:28,2
DA:29,0
DA:30,0
DA:31,0
LF:17
LH:14
BRDA:8,0,0,9
BRDA:8,0,1,2
BRDA:11,1,0,0
BRDA:11,1,1,2
BRDA:27,2,0,2
BRDA:27,2,1,1
BRF:6
BRH:5
end_of_record
TN:
SF:C:\Users\mdivvela\GenericResolver\resolvers.js
FN:20,(anonymous_0)
FN:46,(anonymous_1)
FN:51,(anonymous_2)
FN:57,(anonymous_3)
FN:86,(anonymous_4)
FN:233,(anonymous_5)
FN:266,(anonymous_6)
FN:270,(anonymous_7)
FN:276,(anonymous_8)
FN:298,(anonymous_9)
FNF:10
FNH:10
FNDA:8,(anonymous_0)
FNDA:8,(anonymous_1)
FNDA:30,(anonymous_2)
FNDA:5,(anonymous_3)
FNDA:4,(anonymous_4)
FNDA:9,(anonymous_5)
FNDA:9,(anonymous_6)
FNDA:63,(anonymous_7)
FNDA:9,(anonymous_8)
FNDA:5,(anonymous_9)
DA:1,4
DA:2,4
DA:3,4
DA:4,4
DA:5,4
DA:6,4
DA:7,4
DA:8,4
DA:9,4
DA:10,4
DA:11,4
DA:14,4
DA:15,4
DA:16,4
DA:17,4
DA:19,4
DA:22,8
DA:23,8
DA:24,8
DA:25,8
DA:26,8
DA:27,8
DA:28,8
DA:29,8
DA:30,15
DA:31,15
DA:32,15
DA:35,8
DA:36,8
DA:37,8
DA:38,15
DA:41,8
DA:42,15
DA:44,8
DA:45,8
DA:46,8
DA:47,8
DA:50,8
DA:51,15
DA:52,30
DA:53,5
DA:54,5
DA:55,5
DA:56,5
DA:57,5
DA:58,5
DA:59,5
DA:60,5
DA:67,8
DA:68,8
DA:69,0
DA:70,0
DA:73,8
DA:74,8
DA:75,8
DA:76,8
DA:77,8
DA:79,8
DA:80,8
DA:81,8
DA:82,8
DA:84,8
DA:85,4
DA:86,4
DA:87,4
DA:88,0
DA:91,4
DA:92,4
DA:93,4
DA:94,4
DA:95,4
DA:96,4
DA:97,4
DA:98,4
DA:99,4
DA:100,2
DA:102,2
DA:103,1
DA:104,1
DA:105,1
DA:106,1
DA:107,5
DA:108,5
DA:109,5
DA:110,0
DA:116,1
DA:117,1
DA:120,1
DA:121,1
DA:127,0
DA:128,0
DA:129,0
DA:130,0
DA:133,0
DA:134,0
DA:135,0
DA:136,0
DA:137,0
DA:138,0
DA:139,0
DA:140,0
DA:146,0
DA:147,0
DA:151,1
DA:154,0
DA:157,4
DA:158,4
DA:159,4
DA:160,4
DA:161,4
DA:162,4
DA:163,4
DA:164,0
DA:166,4
DA:167,1
DA:168,1
DA:169,1
DA:170,1
DA:171,14
DA:172,14
DA:173,14
DA:174,0
DA:180,1
DA:181,1
DA:184,3
DA:185,3
DA:191,0
DA:192,0
DA:193,0
DA:194,0
DA:196,0
DA:197,0
DA:198,0
DA:199,0
DA:200,0
DA:201,0
DA:202,0
DA:203,0
DA:204,0
DA:210,0
DA:211,0
DA:214,0
DA:215,0
DA:222,0
DA:224,1
DA:225,1
DA:232,4
DA:234,9
DA:235,9
DA:236,9
DA:237,9
DA:238,9
DA:239,9
DA:240,9
DA:241,9
DA:242,9
DA:243,9
DA:244,9
DA:245,9
DA:246,9
DA:247,31
DA:248,31
DA:249,31
DA:252,9
DA:253,9
DA:254,9
DA:255,9
DA:256,31
DA:259,9
DA:260,31
DA:263,9
DA:264,9
DA:266,9
DA:267,9
DA:269,9
DA:270,9
DA:271,63
DA:272,9
DA:273,9
DA:274,9
DA:275,9
DA:276,9
DA:277,9
DA:278,9
DA:279,9
DA:283,9
DA:284,0
DA:285,0
DA:288,9
DA:289,9
DA:290,9
DA:291,9
DA:293,9
DA:294,9
DA:295,9
DA:296,9
DA:297,9
DA:298,5
DA:299,5
DA:300,0
DA:302,5
DA:305,5
DA:306,5
DA:307,5
DA:309,5
DA:310,1
DA:311,1
DA:312,1
DA:313,1
DA:314,1
DA:315,0
DA:317,1
DA:318,1
DA:319,1
DA:320,1
DA:322,1
DA:323,0
DA:324,0
DA:325,0
DA:326,0
DA:327,0
DA:333,0
DA:334,0
DA:335,0
DA:338,1
DA:339,1
DA:345,0
DA:346,0
DA:347,0
DA:348,0
DA:350,0
DA:351,0
DA:352,0
DA:353,0
DA:355,0
DA:356,0
DA:357,0
DA:358,0
DA:359,0
DA:365,0
DA:366,0
DA:367,0
DA:370,0
DA:371,0
DA:379,0
DA:382,4
DA:383,2
DA:384,2
DA:385,2
DA:386,2
DA:387,2
DA:388,2
DA:389,1
DA:392,1
DA:396,0
DA:397,0
DA:398,0
DA:399,0
DA:400,0
DA:403,0
DA:408,0
DA:412,2
DA:414,2
DA:415,2
DA:416,2
DA:417,2
DA:418,2
DA:419,2
DA:420,1
DA:422,1
DA:423,1
DA:424,1
DA:425,1
DA:426,1
DA:427,5
DA:428,5
DA:429,15
DA:430,3
DA:436,1
DA:437,1
DA:438,1
DA:442,0
DA:449,0
DA:450,0
DA:451,0
DA:452,0
DA:454,0
DA:455,0
DA:456,0
DA:457,0
DA:458,0
DA:459,0
DA:460,0
DA:461,0
DA:462,0
DA:468,0
DA:469,0
DA:470,0
DA:474,0
DA:482,0
DA:486,4
DA:487,4
DA:488,4
DA:489,4
DA:490,4
DA:491,4
DA:492,4
DA:493,4
DA:494,1
DA:495,1
DA:496,1
DA:497,1
DA:498,1
DA:499,1
DA:500,1
DA:501,0
DA:503,1
DA:504,1
DA:505,1
DA:506,1
DA:507,0
DA:508,0
DA:509,0
DA:510,0
DA:511,0
DA:517,0
DA:521,1
DA:527,0
DA:528,0
DA:529,0
DA:531,0
DA:532,0
DA:533,0
DA:534,0
DA:535,0
DA:536,0
DA:537,0
DA:538,0
DA:539,0
DA:545,0
DA:548,0
DA:549,0
DA:558,0
DA:561,3
DA:562,2
DA:563,2
DA:564,2
DA:565,2
DA:566,2
DA:567,2
DA:568,0
DA:571,2
DA:576,0
DA:578,0
DA:579,0
DA:580,0
DA:583,0
DA:590,0
DA:594,1
DA:595,1
DA:596,1
DA:597,1
DA:598,1
DA:599,1
DA:601,1
DA:602,1
DA:603,0
DA:606,1
DA:607,1
DA:608,1
DA:609,1
DA:610,0
DA:611,0
DA:612,0
DA:613,0
DA:614,0
DA:620,0
DA:623,1
DA:629,0
DA:630,0
DA:631,0
DA:632,0
DA:634,0
DA:635,0
DA:636,0
DA:637,0
DA:638,0
DA:639,0
DA:640,0
DA:641,0
DA:642,0
DA:648,0
DA:652,0
DA:660,0
DA:666,0
DA:673,4
LF:396
LH:246
BRDA:52,0,0,5
BRDA:52,0,1,25
BRDA:68,1,0,0
BRDA:68,1,1,8
BRDA:84,2,0,4
BRDA:84,2,1,4
BRDA:87,3,0,0
BRDA:87,3,1,4
BRDA:94,4,0,4
BRDA:94,4,1,0
BRDA:99,5,0,2
BRDA:99,5,1,2
BRDA:102,6,0,1
BRDA:102,6,1,1
BRDA:102,7,0,2
BRDA:102,7,1,2
BRDA:106,8,0,6
BRDA:106,8,1,5
BRDA:109,9,0,0
BRDA:109,9,1,5
BRDA:129,10,0,0
BRDA:129,10,1,0
BRDA:136,11,0,0
BRDA:136,11,1,0
BRDA:139,12,0,0
BRDA:139,12,1,0
BRDA:157,13,0,4
BRDA:157,13,1,0
BRDA:157,14,0,4
BRDA:157,14,1,0
BRDA:161,15,0,4
BRDA:161,15,1,0
BRDA:163,16,0,0
BRDA:163,16,1,4
BRDA:166,17,0,1
BRDA:166,17,1,3
BRDA:166,18,0,4
BRDA:166,18,1,4
BRDA:170,19,0,15
BRDA:170,19,1,14
BRDA:173,20,0,0
BRDA:173,20,1,14
BRDA:193,21,0,0
BRDA:193,21,1,0
BRDA:196,22,0,0
BRDA:196,22,1,0
BRDA:196,23,0,0
BRDA:196,23,1,0
BRDA:200,24,0,0
BRDA:200,24,1,0
BRDA:203,25,0,0
BRDA:203,25,1,0
BRDA:271,26,0,9
BRDA:271,26,1,54
BRDA:283,27,0,0
BRDA:283,27,1,9
BRDA:297,28,0,5
BRDA:297,28,1,4
BRDA:299,29,0,0
BRDA:299,29,1,5
BRDA:309,30,0,1
BRDA:309,30,1,4
BRDA:311,31,0,1
BRDA:311,31,1,0
BRDA:314,32,0,0
BRDA:314,32,1,1
BRDA:322,33,0,0
BRDA:322,33,1,1
BRDA:322,34,0,1
BRDA:322,34,1,1
BRDA:323,35,0,0
BRDA:323,35,1,0
BRDA:326,36,0,0
BRDA:326,36,1,0
BRDA:347,37,0,0
BRDA:347,37,1,0
BRDA:353,38,0,0
BRDA:353,38,1,0
BRDA:353,39,0,0
BRDA:353,39,1,0
BRDA:355,40,0,0
BRDA:355,40,1,0
BRDA:358,41,0,0
BRDA:358,41,1,0
BRDA:382,42,0,2
BRDA:382,42,1,2
BRDA:384,43,0,2
BRDA:384,43,1,0
BRDA:388,44,0,1
BRDA:388,44,1,1
BRDA:399,45,0,0
BRDA:399,45,1,0
BRDA:412,46,0,2
BRDA:412,46,1,0
BRDA:415,47,0,2
BRDA:415,47,1,0
BRDA:419,48,0,1
BRDA:419,48,1,1
BRDA:425,49,0,1
BRDA:425,49,1,0
BRDA:425,50,0,1
BRDA:425,50,1,1
BRDA:426,51,0,6
BRDA:426,51,1,5
BRDA:429,52,0,3
BRDA:429,52,1,12
BRDA:451,53,0,0
BRDA:451,53,1,0
BRDA:457,54,0,0
BRDA:457,54,1,0
BRDA:457,55,0,0
BRDA:457,55,1,0
BRDA:458,56,0,0
BRDA:458,56,1,0
BRDA:461,57,0,0
BRDA:461,57,1,0
BRDA:486,58,0,4
BRDA:486,58,1,0
BRDA:486,59,0,4
BRDA:486,59,1,0
BRDA:493,60,0,1
BRDA:493,60,1,3
BRDA:497,61,0,1
BRDA:497,61,1,0
BRDA:500,62,0,0
BRDA:500,62,1,1
BRDA:506,63,0,0
BRDA:506,63,1,1
BRDA:506,64,0,1
BRDA:506,64,1,1
BRDA:507,65,0,0
BRDA:507,65,1,0
BRDA:510,66,0,0
BRDA:510,66,1,0
BRDA:528,67,0,0
BRDA:528,67,1,0
BRDA:534,68,0,0
BRDA:534,68,1,0
BRDA:534,69,0,0
BRDA:534,69,1,0
BRDA:535,70,0,0
BRDA:535,70,1,0
BRDA:538,71,0,0
BRDA:538,71,1,0
BRDA:561,72,0,2
BRDA:561,72,1,1
BRDA:564,73,0,2
BRDA:564,73,1,0
BRDA:567,74,0,0
BRDA:567,74,1,2
BRDA:579,75,0,0
BRDA:579,75,1,0
BRDA:594,76,0,1
BRDA:594,76,1,0
BRDA:597,77,0,1
BRDA:597,77,1,0
BRDA:602,78,0,0
BRDA:602,78,1,1
BRDA:609,79,0,0
BRDA:609,79,1,1
BRDA:609,80,0,1
BRDA:609,80,1,1
BRDA:610,81,0,0
BRDA:610,81,1,0
BRDA:613,82,0,0
BRDA:613,82,1,0
BRDA:631,83,0,0
BRDA:631,83,1,0
BRDA:637,84,0,0
BRDA:637,84,1,0
BRDA:637,85,0,0
BRDA:637,85,1,0
BRDA:638,86,0,0
BRDA:638,86,1,0
BRDA:641,87,0,0
BRDA:641,87,1,0
BRF:176
BRH:75
end_of_record
TN:
SF:C:\Users\mdivvela\GenericResolver\config\database.js
FNF:0
FNH:0
DA:1,4
LF:1
LH:1
BRF:0
BRH:0
end_of_record
TN:
SF:C:\Users\mdivvela\GenericResolver\modules\mutationModule.js
FN:3,(anonymous_0)
FN:21,(anonymous_1)
FN:35,(anonymous_2)
FNF:3
FNH:3
FNDA:1,(anonymous_0)
FNDA:2,(anonymous_1)
FNDA:2,(anonymous_2)
DA:1,4
DA:3,4
DA:4,1
DA:5,1
DA:6,1
DA:7,4
DA:9,1
DA:10,1
DA:11,1
DA:14,1
DA:17,0
DA:21,4
DA:23,2
DA:24,2
DA:25,2
DA:27,2
DA:29,2
DA:31,0
DA:35,4
DA:36,2
DA:37,2
DA:38,2
DA:39,8
DA:42,2
DA:43,2
DA:45,2
DA:46,6
DA:49,2
DA:50,2
DA:51,2
DA:53,2
DA:55,0
DA:58,4
LF:33
LH:30
BRDA:6,0,0,5
BRDA:6,0,1,4
BRDA:10,1,0,1
BRDA:10,1,1,0
BRDA:24,2,0,4
BRDA:24,2,1,2
BRDA:38,3,0,10
BRDA:38,3,1,8
BRDA:45,4,0,8
BRDA:45,4,1,6
BRDA:50,5,0,2
BRDA:50,5,1,0
BRF:12
BRH:10
end_of_record
TN:
SF:C:\Users\mdivvela\GenericResolver\modules\queryModule.js
FN:2,(anonymous_0)
FNF:1
FNH:1
FNDA:4,(anonymous_0)
DA:1,4
DA:2,4
DA:4,4
DA:6,4
DA:7,4
DA:9,4
DA:10,4
DA:12,0
DA:17,4
LF:9
LH:8
BRDA:6,0,0,8
BRDA:6,0,1,6
BRF:2
BRH:2
end_of_record
